2025-02-26 07:06:27,403 - INFO - Running command: cutadapt -e 0 -O 24 -g file:barcodes96.fasta --discard-untrimmed -m 200 -M 2000 -j 4 -o /homedir04/msuokas/ev_project/fdemuxed/{name}.fastq.gz /homedir04/msuokas/ev_its.fastq.gz
2025-02-26 07:07:53,319 - INFO - Running command: cutadapt -e 0 -O 24 -g file:reverse_barcodes96.fasta --discard-untrimmed -m 200 -M 2000 -j 4 -o /homedir04/msuokas/ev_project/rdemuxed/{name}.fastq.gz /homedir04/msuokas/ev_its.fastq.gz
2025-02-26 07:09:15,103 - INFO - Running command: seqkit seq -rp --seq-type DNA -o /homedir04/msuokas/ev_project/rdemuxed/rev_comp_BC039.fastq.gz /homedir04/msuokas/ev_project/rdemuxed/BC039.fastq.gz
2025-02-26 07:09:15,284 - INFO - Running command: seqkit seq -rp --seq-type DNA -o /homedir04/msuokas/ev_project/rdemuxed/rev_comp_BC056.fastq.gz /homedir04/msuokas/ev_project/rdemuxed/BC056.fastq.gz
2025-02-26 07:09:15,302 - INFO - Running command: seqkit seq -rp --seq-type DNA -o /homedir04/msuokas/ev_project/rdemuxed/rev_comp_BC061.fastq.gz /homedir04/msuokas/ev_project/rdemuxed/BC061.fastq.gz
2025-02-26 07:09:15,649 - INFO - Running command: seqkit seq -rp --seq-type DNA -o /homedir04/msuokas/ev_project/rdemuxed/rev_comp_BC082.fastq.gz /homedir04/msuokas/ev_project/rdemuxed/BC082.fastq.gz
2025-02-26 07:09:15,661 - INFO - Running command: seqkit seq -rp --seq-type DNA -o /homedir04/msuokas/ev_project/rdemuxed/rev_comp_BC080.fastq.gz /homedir04/msuokas/ev_project/rdemuxed/BC080.fastq.gz
2025-02-26 07:09:15,674 - INFO - Running command: seqkit seq -rp --seq-type DNA -o /homedir04/msuokas/ev_project/rdemuxed/rev_comp_BC029.fastq.gz /homedir04/msuokas/ev_project/rdemuxed/BC029.fastq.gz
2025-02-26 07:09:16,021 - INFO - Running command: seqkit seq -rp --seq-type DNA -o /homedir04/msuokas/ev_project/rdemuxed/rev_comp_BC022.fastq.gz /homedir04/msuokas/ev_project/rdemuxed/BC022.fastq.gz
2025-02-26 07:09:16,086 - INFO - Running command: seqkit seq -rp --seq-type DNA -o /homedir04/msuokas/ev_project/rdemuxed/rev_comp_BC090.fastq.gz /homedir04/msuokas/ev_project/rdemuxed/BC090.fastq.gz
2025-02-26 07:09:16,102 - INFO - Running command: seqkit seq -rp --seq-type DNA -o /homedir04/msuokas/ev_project/rdemuxed/rev_comp_BC048.fastq.gz /homedir04/msuokas/ev_project/rdemuxed/BC048.fastq.gz
2025-02-26 07:09:16,289 - INFO - Running command: seqkit seq -rp --seq-type DNA -o /homedir04/msuokas/ev_project/rdemuxed/rev_comp_BC003.fastq.gz /homedir04/msuokas/ev_project/rdemuxed/BC003.fastq.gz
2025-02-26 07:09:16,335 - INFO - Running command: seqkit seq -rp --seq-type DNA -o /homedir04/msuokas/ev_project/rdemuxed/rev_comp_BC038.fastq.gz /homedir04/msuokas/ev_project/rdemuxed/BC038.fastq.gz
2025-02-26 07:09:16,573 - INFO - Running command: seqkit seq -rp --seq-type DNA -o /homedir04/msuokas/ev_project/rdemuxed/rev_comp_BC063.fastq.gz /homedir04/msuokas/ev_project/rdemuxed/BC063.fastq.gz
2025-02-26 07:09:16,620 - INFO - Running command: seqkit seq -rp --seq-type DNA -o /homedir04/msuokas/ev_project/rdemuxed/rev_comp_BC019.fastq.gz /homedir04/msuokas/ev_project/rdemuxed/BC019.fastq.gz
2025-02-26 07:09:16,830 - INFO - Running command: seqkit seq -rp --seq-type DNA -o /homedir04/msuokas/ev_project/rdemuxed/rev_comp_BC049.fastq.gz /homedir04/msuokas/ev_project/rdemuxed/BC049.fastq.gz
2025-02-26 07:09:16,869 - INFO - Running command: seqkit seq -rp --seq-type DNA -o /homedir04/msuokas/ev_project/rdemuxed/rev_comp_BC092.fastq.gz /homedir04/msuokas/ev_project/rdemuxed/BC092.fastq.gz
2025-02-26 07:09:16,883 - INFO - Running command: seqkit seq -rp --seq-type DNA -o /homedir04/msuokas/ev_project/rdemuxed/rev_comp_BC078.fastq.gz /homedir04/msuokas/ev_project/rdemuxed/BC078.fastq.gz
2025-02-26 07:09:16,901 - INFO - Running command: seqkit seq -rp --seq-type DNA -o /homedir04/msuokas/ev_project/rdemuxed/rev_comp_BC040.fastq.gz /homedir04/msuokas/ev_project/rdemuxed/BC040.fastq.gz
2025-02-26 07:09:18,282 - INFO - Running command: seqkit seq -rp --seq-type DNA -o /homedir04/msuokas/ev_project/rdemuxed/rev_comp_BC046.fastq.gz /homedir04/msuokas/ev_project/rdemuxed/BC046.fastq.gz
2025-02-26 07:09:18,340 - INFO - Running command: seqkit seq -rp --seq-type DNA -o /homedir04/msuokas/ev_project/rdemuxed/rev_comp_BC084.fastq.gz /homedir04/msuokas/ev_project/rdemuxed/BC084.fastq.gz
2025-02-26 07:09:18,360 - INFO - Running command: seqkit seq -rp --seq-type DNA -o /homedir04/msuokas/ev_project/rdemuxed/rev_comp_BC024.fastq.gz /homedir04/msuokas/ev_project/rdemuxed/BC024.fastq.gz
2025-02-26 07:09:18,401 - INFO - Running command: seqkit seq -rp --seq-type DNA -o /homedir04/msuokas/ev_project/rdemuxed/rev_comp_BC070.fastq.gz /homedir04/msuokas/ev_project/rdemuxed/BC070.fastq.gz
2025-02-26 07:09:18,414 - INFO - Running command: seqkit seq -rp --seq-type DNA -o /homedir04/msuokas/ev_project/rdemuxed/rev_comp_BC053.fastq.gz /homedir04/msuokas/ev_project/rdemuxed/BC053.fastq.gz
2025-02-26 07:09:18,572 - INFO - Running command: seqkit seq -rp --seq-type DNA -o /homedir04/msuokas/ev_project/rdemuxed/rev_comp_BC032.fastq.gz /homedir04/msuokas/ev_project/rdemuxed/BC032.fastq.gz
2025-02-26 07:09:18,865 - INFO - Running command: seqkit seq -rp --seq-type DNA -o /homedir04/msuokas/ev_project/rdemuxed/rev_comp_BC058.fastq.gz /homedir04/msuokas/ev_project/rdemuxed/BC058.fastq.gz
2025-02-26 07:09:18,891 - INFO - Running command: seqkit seq -rp --seq-type DNA -o /homedir04/msuokas/ev_project/rdemuxed/rev_comp_BC094.fastq.gz /homedir04/msuokas/ev_project/rdemuxed/BC094.fastq.gz
2025-02-26 07:09:18,913 - INFO - Running command: seqkit seq -rp --seq-type DNA -o /homedir04/msuokas/ev_project/rdemuxed/rev_comp_BC062.fastq.gz /homedir04/msuokas/ev_project/rdemuxed/BC062.fastq.gz
2025-02-26 07:09:19,039 - INFO - Running command: seqkit seq -rp --seq-type DNA -o /homedir04/msuokas/ev_project/rdemuxed/rev_comp_BC027.fastq.gz /homedir04/msuokas/ev_project/rdemuxed/BC027.fastq.gz
2025-02-26 07:09:19,094 - INFO - Running command: seqkit seq -rp --seq-type DNA -o /homedir04/msuokas/ev_project/rdemuxed/rev_comp_BC077.fastq.gz /homedir04/msuokas/ev_project/rdemuxed/BC077.fastq.gz
2025-02-26 07:09:19,105 - INFO - Running command: seqkit seq -rp --seq-type DNA -o /homedir04/msuokas/ev_project/rdemuxed/rev_comp_BC016.fastq.gz /homedir04/msuokas/ev_project/rdemuxed/BC016.fastq.gz
2025-02-26 07:09:19,339 - INFO - Running command: seqkit seq -rp --seq-type DNA -o /homedir04/msuokas/ev_project/rdemuxed/rev_comp_BC054.fastq.gz /homedir04/msuokas/ev_project/rdemuxed/BC054.fastq.gz
2025-02-26 07:09:19,439 - INFO - Running command: seqkit seq -rp --seq-type DNA -o /homedir04/msuokas/ev_project/rdemuxed/rev_comp_BC005.fastq.gz /homedir04/msuokas/ev_project/rdemuxed/BC005.fastq.gz
2025-02-26 07:09:19,497 - INFO - Running command: seqkit seq -rp --seq-type DNA -o /homedir04/msuokas/ev_project/rdemuxed/rev_comp_BC089.fastq.gz /homedir04/msuokas/ev_project/rdemuxed/BC089.fastq.gz
2025-02-26 07:09:19,511 - INFO - Running command: seqkit seq -rp --seq-type DNA -o /homedir04/msuokas/ev_project/rdemuxed/rev_comp_BC086.fastq.gz /homedir04/msuokas/ev_project/rdemuxed/BC086.fastq.gz
2025-02-26 07:09:19,536 - INFO - Running command: seqkit seq -rp --seq-type DNA -o /homedir04/msuokas/ev_project/rdemuxed/rev_comp_BC009.fastq.gz /homedir04/msuokas/ev_project/rdemuxed/BC009.fastq.gz
2025-02-26 07:09:19,601 - INFO - Running command: seqkit seq -rp --seq-type DNA -o /homedir04/msuokas/ev_project/rdemuxed/rev_comp_BC047.fastq.gz /homedir04/msuokas/ev_project/rdemuxed/BC047.fastq.gz
2025-02-26 07:09:20,148 - INFO - Running command: seqkit seq -rp --seq-type DNA -o /homedir04/msuokas/ev_project/rdemuxed/rev_comp_BC030.fastq.gz /homedir04/msuokas/ev_project/rdemuxed/BC030.fastq.gz
2025-02-26 07:09:20,410 - INFO - Running command: seqkit seq -rp --seq-type DNA -o /homedir04/msuokas/ev_project/rdemuxed/rev_comp_BC067.fastq.gz /homedir04/msuokas/ev_project/rdemuxed/BC067.fastq.gz
2025-02-26 07:09:20,434 - INFO - Running command: seqkit seq -rp --seq-type DNA -o /homedir04/msuokas/ev_project/rdemuxed/rev_comp_BC033.fastq.gz /homedir04/msuokas/ev_project/rdemuxed/BC033.fastq.gz
2025-02-26 07:09:20,510 - INFO - Running command: seqkit seq -rp --seq-type DNA -o /homedir04/msuokas/ev_project/rdemuxed/rev_comp_BC026.fastq.gz /homedir04/msuokas/ev_project/rdemuxed/BC026.fastq.gz
2025-02-26 07:09:20,526 - INFO - Running command: seqkit seq -rp --seq-type DNA -o /homedir04/msuokas/ev_project/rdemuxed/rev_comp_BC042.fastq.gz /homedir04/msuokas/ev_project/rdemuxed/BC042.fastq.gz
2025-02-26 07:09:20,553 - INFO - Running command: seqkit seq -rp --seq-type DNA -o /homedir04/msuokas/ev_project/rdemuxed/rev_comp_BC017.fastq.gz /homedir04/msuokas/ev_project/rdemuxed/BC017.fastq.gz
2025-02-26 07:09:20,886 - INFO - Running command: seqkit seq -rp --seq-type DNA -o /homedir04/msuokas/ev_project/rdemuxed/rev_comp_BC051.fastq.gz /homedir04/msuokas/ev_project/rdemuxed/BC051.fastq.gz
2025-02-26 07:09:20,956 - INFO - Running command: seqkit seq -rp --seq-type DNA -o /homedir04/msuokas/ev_project/rdemuxed/rev_comp_BC073.fastq.gz /homedir04/msuokas/ev_project/rdemuxed/BC073.fastq.gz
2025-02-26 07:09:20,971 - INFO - Running command: seqkit seq -rp --seq-type DNA -o /homedir04/msuokas/ev_project/rdemuxed/rev_comp_BC007.fastq.gz /homedir04/msuokas/ev_project/rdemuxed/BC007.fastq.gz
2025-02-26 07:09:21,036 - INFO - Running command: seqkit seq -rp --seq-type DNA -o /homedir04/msuokas/ev_project/rdemuxed/rev_comp_BC060.fastq.gz /homedir04/msuokas/ev_project/rdemuxed/BC060.fastq.gz
2025-02-26 07:09:21,098 - INFO - Running command: seqkit seq -rp --seq-type DNA -o /homedir04/msuokas/ev_project/rdemuxed/rev_comp_BC028.fastq.gz /homedir04/msuokas/ev_project/rdemuxed/BC028.fastq.gz
2025-02-26 07:09:21,191 - INFO - Running command: seqkit seq -rp --seq-type DNA -o /homedir04/msuokas/ev_project/rdemuxed/rev_comp_BC021.fastq.gz /homedir04/msuokas/ev_project/rdemuxed/BC021.fastq.gz
2025-02-26 07:09:21,265 - INFO - Running command: seqkit seq -rp --seq-type DNA -o /homedir04/msuokas/ev_project/rdemuxed/rev_comp_BC059.fastq.gz /homedir04/msuokas/ev_project/rdemuxed/BC059.fastq.gz
2025-02-26 07:09:21,482 - INFO - Running command: seqkit seq -rp --seq-type DNA -o /homedir04/msuokas/ev_project/rdemuxed/rev_comp_BC069.fastq.gz /homedir04/msuokas/ev_project/rdemuxed/BC069.fastq.gz
2025-02-26 07:09:21,495 - INFO - Running command: seqkit seq -rp --seq-type DNA -o /homedir04/msuokas/ev_project/rdemuxed/rev_comp_BC096.fastq.gz /homedir04/msuokas/ev_project/rdemuxed/BC096.fastq.gz
2025-02-26 07:09:21,510 - INFO - Running command: seqkit seq -rp --seq-type DNA -o /homedir04/msuokas/ev_project/rdemuxed/rev_comp_BC014.fastq.gz /homedir04/msuokas/ev_project/rdemuxed/BC014.fastq.gz
2025-02-26 07:09:21,622 - INFO - Running command: seqkit seq -rp --seq-type DNA -o /homedir04/msuokas/ev_project/rdemuxed/rev_comp_BC064.fastq.gz /homedir04/msuokas/ev_project/rdemuxed/BC064.fastq.gz
2025-02-26 07:09:21,642 - INFO - Running command: seqkit seq -rp --seq-type DNA -o /homedir04/msuokas/ev_project/rdemuxed/rev_comp_BC010.fastq.gz /homedir04/msuokas/ev_project/rdemuxed/BC010.fastq.gz
2025-02-26 07:09:21,683 - INFO - Running command: seqkit seq -rp --seq-type DNA -o /homedir04/msuokas/ev_project/rdemuxed/rev_comp_BC018.fastq.gz /homedir04/msuokas/ev_project/rdemuxed/BC018.fastq.gz
2025-02-26 07:09:21,701 - INFO - Running command: seqkit seq -rp --seq-type DNA -o /homedir04/msuokas/ev_project/rdemuxed/rev_comp_BC074.fastq.gz /homedir04/msuokas/ev_project/rdemuxed/BC074.fastq.gz
2025-02-26 07:09:21,723 - INFO - Running command: seqkit seq -rp --seq-type DNA -o /homedir04/msuokas/ev_project/rdemuxed/rev_comp_BC002.fastq.gz /homedir04/msuokas/ev_project/rdemuxed/BC002.fastq.gz
2025-02-26 07:09:21,779 - INFO - Running command: seqkit seq -rp --seq-type DNA -o /homedir04/msuokas/ev_project/rdemuxed/rev_comp_BC068.fastq.gz /homedir04/msuokas/ev_project/rdemuxed/BC068.fastq.gz
2025-02-26 07:09:21,798 - INFO - Running command: seqkit seq -rp --seq-type DNA -o /homedir04/msuokas/ev_project/rdemuxed/rev_comp_BC023.fastq.gz /homedir04/msuokas/ev_project/rdemuxed/BC023.fastq.gz
2025-02-26 07:09:21,854 - INFO - Running command: seqkit seq -rp --seq-type DNA -o /homedir04/msuokas/ev_project/rdemuxed/rev_comp_BC043.fastq.gz /homedir04/msuokas/ev_project/rdemuxed/BC043.fastq.gz
2025-02-26 07:09:21,896 - INFO - Running command: seqkit seq -rp --seq-type DNA -o /homedir04/msuokas/ev_project/rdemuxed/rev_comp_BC050.fastq.gz /homedir04/msuokas/ev_project/rdemuxed/BC050.fastq.gz
2025-02-26 07:09:21,939 - INFO - Running command: seqkit seq -rp --seq-type DNA -o /homedir04/msuokas/ev_project/rdemuxed/rev_comp_BC093.fastq.gz /homedir04/msuokas/ev_project/rdemuxed/BC093.fastq.gz
2025-02-26 07:09:21,961 - INFO - Running command: seqkit seq -rp --seq-type DNA -o /homedir04/msuokas/ev_project/rdemuxed/rev_comp_BC076.fastq.gz /homedir04/msuokas/ev_project/rdemuxed/BC076.fastq.gz
2025-02-26 07:09:21,984 - INFO - Running command: seqkit seq -rp --seq-type DNA -o /homedir04/msuokas/ev_project/rdemuxed/rev_comp_BC004.fastq.gz /homedir04/msuokas/ev_project/rdemuxed/BC004.fastq.gz
2025-02-26 07:09:22,100 - INFO - Running command: seqkit seq -rp --seq-type DNA -o /homedir04/msuokas/ev_project/rdemuxed/rev_comp_BC081.fastq.gz /homedir04/msuokas/ev_project/rdemuxed/BC081.fastq.gz
2025-02-26 07:09:22,110 - INFO - Running command: seqkit seq -rp --seq-type DNA -o /homedir04/msuokas/ev_project/rdemuxed/rev_comp_BC095.fastq.gz /homedir04/msuokas/ev_project/rdemuxed/BC095.fastq.gz
2025-02-26 07:09:22,123 - INFO - Running command: seqkit seq -rp --seq-type DNA -o /homedir04/msuokas/ev_project/rdemuxed/rev_comp_BC001.fastq.gz /homedir04/msuokas/ev_project/rdemuxed/BC001.fastq.gz
2025-02-26 07:09:22,191 - INFO - Running command: seqkit seq -rp --seq-type DNA -o /homedir04/msuokas/ev_project/rdemuxed/rev_comp_BC006.fastq.gz /homedir04/msuokas/ev_project/rdemuxed/BC006.fastq.gz
2025-02-26 07:09:22,244 - INFO - Running command: seqkit seq -rp --seq-type DNA -o /homedir04/msuokas/ev_project/rdemuxed/rev_comp_BC044.fastq.gz /homedir04/msuokas/ev_project/rdemuxed/BC044.fastq.gz
2025-02-26 07:09:22,308 - INFO - Running command: seqkit seq -rp --seq-type DNA -o /homedir04/msuokas/ev_project/rdemuxed/rev_comp_BC011.fastq.gz /homedir04/msuokas/ev_project/rdemuxed/BC011.fastq.gz
2025-02-26 07:09:22,381 - INFO - Running command: seqkit seq -rp --seq-type DNA -o /homedir04/msuokas/ev_project/rdemuxed/rev_comp_BC091.fastq.gz /homedir04/msuokas/ev_project/rdemuxed/BC091.fastq.gz
2025-02-26 07:09:22,394 - INFO - Running command: seqkit seq -rp --seq-type DNA -o /homedir04/msuokas/ev_project/rdemuxed/rev_comp_BC083.fastq.gz /homedir04/msuokas/ev_project/rdemuxed/BC083.fastq.gz
2025-02-26 07:09:22,417 - INFO - Running command: seqkit seq -rp --seq-type DNA -o /homedir04/msuokas/ev_project/rdemuxed/rev_comp_BC045.fastq.gz /homedir04/msuokas/ev_project/rdemuxed/BC045.fastq.gz
2025-02-26 07:09:22,487 - INFO - Running command: seqkit seq -rp --seq-type DNA -o /homedir04/msuokas/ev_project/rdemuxed/rev_comp_BC071.fastq.gz /homedir04/msuokas/ev_project/rdemuxed/BC071.fastq.gz
2025-02-26 07:09:22,498 - INFO - Running command: seqkit seq -rp --seq-type DNA -o /homedir04/msuokas/ev_project/rdemuxed/rev_comp_BC037.fastq.gz /homedir04/msuokas/ev_project/rdemuxed/BC037.fastq.gz
2025-02-26 07:09:23,244 - INFO - Running command: seqkit seq -rp --seq-type DNA -o /homedir04/msuokas/ev_project/rdemuxed/rev_comp_BC031.fastq.gz /homedir04/msuokas/ev_project/rdemuxed/BC031.fastq.gz
2025-02-26 07:09:23,344 - INFO - Running command: seqkit seq -rp --seq-type DNA -o /homedir04/msuokas/ev_project/rdemuxed/rev_comp_BC008.fastq.gz /homedir04/msuokas/ev_project/rdemuxed/BC008.fastq.gz
2025-02-26 07:09:23,435 - INFO - Running command: seqkit seq -rp --seq-type DNA -o /homedir04/msuokas/ev_project/rdemuxed/rev_comp_BC087.fastq.gz /homedir04/msuokas/ev_project/rdemuxed/BC087.fastq.gz
2025-02-26 07:09:23,447 - INFO - Running command: seqkit seq -rp --seq-type DNA -o /homedir04/msuokas/ev_project/rdemuxed/rev_comp_BC015.fastq.gz /homedir04/msuokas/ev_project/rdemuxed/BC015.fastq.gz
2025-02-26 07:09:23,587 - INFO - Running command: seqkit seq -rp --seq-type DNA -o /homedir04/msuokas/ev_project/rdemuxed/rev_comp_BC036.fastq.gz /homedir04/msuokas/ev_project/rdemuxed/BC036.fastq.gz
2025-02-26 07:09:24,744 - INFO - Running command: seqkit seq -rp --seq-type DNA -o /homedir04/msuokas/ev_project/rdemuxed/rev_comp_BC072.fastq.gz /homedir04/msuokas/ev_project/rdemuxed/BC072.fastq.gz
2025-02-26 07:09:24,757 - INFO - Running command: seqkit seq -rp --seq-type DNA -o /homedir04/msuokas/ev_project/rdemuxed/rev_comp_BC065.fastq.gz /homedir04/msuokas/ev_project/rdemuxed/BC065.fastq.gz
2025-02-26 07:09:24,768 - INFO - Running command: seqkit seq -rp --seq-type DNA -o /homedir04/msuokas/ev_project/rdemuxed/rev_comp_BC020.fastq.gz /homedir04/msuokas/ev_project/rdemuxed/BC020.fastq.gz
2025-02-26 07:09:25,151 - INFO - Running command: seqkit seq -rp --seq-type DNA -o /homedir04/msuokas/ev_project/rdemuxed/rev_comp_BC085.fastq.gz /homedir04/msuokas/ev_project/rdemuxed/BC085.fastq.gz
2025-02-26 07:09:25,165 - INFO - Running command: seqkit seq -rp --seq-type DNA -o /homedir04/msuokas/ev_project/rdemuxed/rev_comp_BC066.fastq.gz /homedir04/msuokas/ev_project/rdemuxed/BC066.fastq.gz
2025-02-26 07:09:25,183 - INFO - Running command: seqkit seq -rp --seq-type DNA -o /homedir04/msuokas/ev_project/rdemuxed/rev_comp_BC088.fastq.gz /homedir04/msuokas/ev_project/rdemuxed/BC088.fastq.gz
2025-02-26 07:09:25,202 - INFO - Running command: seqkit seq -rp --seq-type DNA -o /homedir04/msuokas/ev_project/rdemuxed/rev_comp_BC012.fastq.gz /homedir04/msuokas/ev_project/rdemuxed/BC012.fastq.gz
2025-02-26 07:09:25,270 - INFO - Running command: seqkit seq -rp --seq-type DNA -o /homedir04/msuokas/ev_project/rdemuxed/rev_comp_BC075.fastq.gz /homedir04/msuokas/ev_project/rdemuxed/BC075.fastq.gz
2025-02-26 07:09:25,283 - INFO - Running command: seqkit seq -rp --seq-type DNA -o /homedir04/msuokas/ev_project/rdemuxed/rev_comp_BC013.fastq.gz /homedir04/msuokas/ev_project/rdemuxed/BC013.fastq.gz
2025-02-26 07:09:25,357 - INFO - Running command: seqkit seq -rp --seq-type DNA -o /homedir04/msuokas/ev_project/rdemuxed/rev_comp_BC057.fastq.gz /homedir04/msuokas/ev_project/rdemuxed/BC057.fastq.gz
2025-02-26 07:09:25,410 - INFO - Running command: seqkit seq -rp --seq-type DNA -o /homedir04/msuokas/ev_project/rdemuxed/rev_comp_BC025.fastq.gz /homedir04/msuokas/ev_project/rdemuxed/BC025.fastq.gz
2025-02-26 07:09:25,450 - INFO - Running command: seqkit seq -rp --seq-type DNA -o /homedir04/msuokas/ev_project/rdemuxed/rev_comp_BC035.fastq.gz /homedir04/msuokas/ev_project/rdemuxed/BC035.fastq.gz
2025-02-26 07:09:25,997 - INFO - Running command: seqkit seq -rp --seq-type DNA -o /homedir04/msuokas/ev_project/rdemuxed/rev_comp_BC079.fastq.gz /homedir04/msuokas/ev_project/rdemuxed/BC079.fastq.gz
2025-02-26 07:09:26,009 - INFO - Running command: seqkit seq -rp --seq-type DNA -o /homedir04/msuokas/ev_project/rdemuxed/rev_comp_BC055.fastq.gz /homedir04/msuokas/ev_project/rdemuxed/BC055.fastq.gz
2025-02-26 07:09:26,083 - INFO - Running command: seqkit seq -rp --seq-type DNA -o /homedir04/msuokas/ev_project/rdemuxed/rev_comp_BC034.fastq.gz /homedir04/msuokas/ev_project/rdemuxed/BC034.fastq.gz
2025-02-26 07:09:26,103 - INFO - Running command: seqkit seq -rp --seq-type DNA -o /homedir04/msuokas/ev_project/rdemuxed/rev_comp_BC041.fastq.gz /homedir04/msuokas/ev_project/rdemuxed/BC041.fastq.gz
2025-02-26 07:09:26,143 - INFO - Running command: seqkit seq -rp --seq-type DNA -o /homedir04/msuokas/ev_project/rdemuxed/rev_comp_BC052.fastq.gz /homedir04/msuokas/ev_project/rdemuxed/BC052.fastq.gz
2025-02-26 07:09:26,207 - INFO - Running command: cat /homedir04/msuokas/ev_project/fdemuxed/BC039.fastq.gz /homedir04/msuokas/ev_project/rdemuxed/rev_comp_BC039.fastq.gz > /homedir04/msuokas/ev_project/merged_reads/merged_BC039.fastq.gz
2025-02-26 07:09:26,217 - INFO - Running command: cat /homedir04/msuokas/ev_project/fdemuxed/BC056.fastq.gz /homedir04/msuokas/ev_project/rdemuxed/rev_comp_BC056.fastq.gz > /homedir04/msuokas/ev_project/merged_reads/merged_BC056.fastq.gz
2025-02-26 07:09:26,219 - INFO - Running command: cat /homedir04/msuokas/ev_project/fdemuxed/BC061.fastq.gz /homedir04/msuokas/ev_project/rdemuxed/rev_comp_BC061.fastq.gz > /homedir04/msuokas/ev_project/merged_reads/merged_BC061.fastq.gz
2025-02-26 07:09:26,245 - INFO - Running command: cat /homedir04/msuokas/ev_project/fdemuxed/BC082.fastq.gz /homedir04/msuokas/ev_project/rdemuxed/rev_comp_BC082.fastq.gz > /homedir04/msuokas/ev_project/merged_reads/merged_BC082.fastq.gz
2025-02-26 07:09:26,247 - INFO - Running command: cat /homedir04/msuokas/ev_project/fdemuxed/BC080.fastq.gz /homedir04/msuokas/ev_project/rdemuxed/rev_comp_BC080.fastq.gz > /homedir04/msuokas/ev_project/merged_reads/merged_BC080.fastq.gz
2025-02-26 07:09:26,250 - INFO - Running command: cat /homedir04/msuokas/ev_project/fdemuxed/BC029.fastq.gz /homedir04/msuokas/ev_project/rdemuxed/rev_comp_BC029.fastq.gz > /homedir04/msuokas/ev_project/merged_reads/merged_BC029.fastq.gz
2025-02-26 07:09:26,287 - INFO - Running command: cat /homedir04/msuokas/ev_project/fdemuxed/BC022.fastq.gz /homedir04/msuokas/ev_project/rdemuxed/rev_comp_BC022.fastq.gz > /homedir04/msuokas/ev_project/merged_reads/merged_BC022.fastq.gz
2025-02-26 07:09:26,292 - INFO - Running command: cat /homedir04/msuokas/ev_project/fdemuxed/BC090.fastq.gz /homedir04/msuokas/ev_project/rdemuxed/rev_comp_BC090.fastq.gz > /homedir04/msuokas/ev_project/merged_reads/merged_BC090.fastq.gz
2025-02-26 07:09:26,294 - INFO - Running command: cat /homedir04/msuokas/ev_project/fdemuxed/BC048.fastq.gz /homedir04/msuokas/ev_project/rdemuxed/rev_comp_BC048.fastq.gz > /homedir04/msuokas/ev_project/merged_reads/merged_BC048.fastq.gz
2025-02-26 07:09:26,306 - INFO - Running command: cat /homedir04/msuokas/ev_project/fdemuxed/BC003.fastq.gz /homedir04/msuokas/ev_project/rdemuxed/rev_comp_BC003.fastq.gz > /homedir04/msuokas/ev_project/merged_reads/merged_BC003.fastq.gz
2025-02-26 07:09:26,311 - INFO - Running command: cat /homedir04/msuokas/ev_project/fdemuxed/BC038.fastq.gz /homedir04/msuokas/ev_project/rdemuxed/rev_comp_BC038.fastq.gz > /homedir04/msuokas/ev_project/merged_reads/merged_BC038.fastq.gz
2025-02-26 07:09:26,337 - INFO - Running command: cat /homedir04/msuokas/ev_project/fdemuxed/BC063.fastq.gz /homedir04/msuokas/ev_project/rdemuxed/rev_comp_BC063.fastq.gz > /homedir04/msuokas/ev_project/merged_reads/merged_BC063.fastq.gz
2025-02-26 07:09:26,345 - INFO - Running command: cat /homedir04/msuokas/ev_project/fdemuxed/BC019.fastq.gz /homedir04/msuokas/ev_project/rdemuxed/rev_comp_BC019.fastq.gz > /homedir04/msuokas/ev_project/merged_reads/merged_BC019.fastq.gz
2025-02-26 07:09:26,373 - INFO - Running command: cat /homedir04/msuokas/ev_project/fdemuxed/BC049.fastq.gz /homedir04/msuokas/ev_project/rdemuxed/rev_comp_BC049.fastq.gz > /homedir04/msuokas/ev_project/merged_reads/merged_BC049.fastq.gz
2025-02-26 07:09:26,379 - INFO - Running command: cat /homedir04/msuokas/ev_project/fdemuxed/BC092.fastq.gz /homedir04/msuokas/ev_project/rdemuxed/rev_comp_BC092.fastq.gz > /homedir04/msuokas/ev_project/merged_reads/merged_BC092.fastq.gz
2025-02-26 07:09:26,382 - INFO - Running command: cat /homedir04/msuokas/ev_project/fdemuxed/BC078.fastq.gz /homedir04/msuokas/ev_project/rdemuxed/rev_comp_BC078.fastq.gz > /homedir04/msuokas/ev_project/merged_reads/merged_BC078.fastq.gz
2025-02-26 07:09:26,385 - INFO - Running command: cat /homedir04/msuokas/ev_project/fdemuxed/BC040.fastq.gz /homedir04/msuokas/ev_project/rdemuxed/rev_comp_BC040.fastq.gz > /homedir04/msuokas/ev_project/merged_reads/merged_BC040.fastq.gz
2025-02-26 07:09:26,469 - INFO - Running command: cat /homedir04/msuokas/ev_project/fdemuxed/BC046.fastq.gz /homedir04/msuokas/ev_project/rdemuxed/rev_comp_BC046.fastq.gz > /homedir04/msuokas/ev_project/merged_reads/merged_BC046.fastq.gz
2025-02-26 07:09:26,473 - INFO - Running command: cat /homedir04/msuokas/ev_project/fdemuxed/BC084.fastq.gz /homedir04/msuokas/ev_project/rdemuxed/rev_comp_BC084.fastq.gz > /homedir04/msuokas/ev_project/merged_reads/merged_BC084.fastq.gz
2025-02-26 07:09:26,475 - INFO - Running command: cat /homedir04/msuokas/ev_project/fdemuxed/BC024.fastq.gz /homedir04/msuokas/ev_project/rdemuxed/rev_comp_BC024.fastq.gz > /homedir04/msuokas/ev_project/merged_reads/merged_BC024.fastq.gz
2025-02-26 07:09:26,478 - INFO - Running command: cat /homedir04/msuokas/ev_project/fdemuxed/BC070.fastq.gz /homedir04/msuokas/ev_project/rdemuxed/rev_comp_BC070.fastq.gz > /homedir04/msuokas/ev_project/merged_reads/merged_BC070.fastq.gz
2025-02-26 07:09:26,479 - INFO - Running command: cat /homedir04/msuokas/ev_project/fdemuxed/BC053.fastq.gz /homedir04/msuokas/ev_project/rdemuxed/rev_comp_BC053.fastq.gz > /homedir04/msuokas/ev_project/merged_reads/merged_BC053.fastq.gz
2025-02-26 07:09:26,488 - INFO - Running command: cat /homedir04/msuokas/ev_project/fdemuxed/BC032.fastq.gz /homedir04/msuokas/ev_project/rdemuxed/rev_comp_BC032.fastq.gz > /homedir04/msuokas/ev_project/merged_reads/merged_BC032.fastq.gz
2025-02-26 07:09:26,515 - INFO - Running command: cat /homedir04/msuokas/ev_project/fdemuxed/BC058.fastq.gz /homedir04/msuokas/ev_project/rdemuxed/rev_comp_BC058.fastq.gz > /homedir04/msuokas/ev_project/merged_reads/merged_BC058.fastq.gz
2025-02-26 07:09:26,516 - INFO - Running command: cat /homedir04/msuokas/ev_project/fdemuxed/BC094.fastq.gz /homedir04/msuokas/ev_project/rdemuxed/rev_comp_BC094.fastq.gz > /homedir04/msuokas/ev_project/merged_reads/merged_BC094.fastq.gz
2025-02-26 07:09:26,518 - INFO - Running command: cat /homedir04/msuokas/ev_project/fdemuxed/BC062.fastq.gz /homedir04/msuokas/ev_project/rdemuxed/rev_comp_BC062.fastq.gz > /homedir04/msuokas/ev_project/merged_reads/merged_BC062.fastq.gz
2025-02-26 07:09:26,527 - INFO - Running command: cat /homedir04/msuokas/ev_project/fdemuxed/BC027.fastq.gz /homedir04/msuokas/ev_project/rdemuxed/rev_comp_BC027.fastq.gz > /homedir04/msuokas/ev_project/merged_reads/merged_BC027.fastq.gz
2025-02-26 07:09:26,530 - INFO - Running command: cat /homedir04/msuokas/ev_project/fdemuxed/BC077.fastq.gz /homedir04/msuokas/ev_project/rdemuxed/rev_comp_BC077.fastq.gz > /homedir04/msuokas/ev_project/merged_reads/merged_BC077.fastq.gz
2025-02-26 07:09:26,531 - INFO - Running command: cat /homedir04/msuokas/ev_project/fdemuxed/BC016.fastq.gz /homedir04/msuokas/ev_project/rdemuxed/rev_comp_BC016.fastq.gz > /homedir04/msuokas/ev_project/merged_reads/merged_BC016.fastq.gz
2025-02-26 07:09:26,547 - INFO - Running command: cat /homedir04/msuokas/ev_project/fdemuxed/BC054.fastq.gz /homedir04/msuokas/ev_project/rdemuxed/rev_comp_BC054.fastq.gz > /homedir04/msuokas/ev_project/merged_reads/merged_BC054.fastq.gz
2025-02-26 07:09:26,559 - INFO - Running command: cat /homedir04/msuokas/ev_project/fdemuxed/BC005.fastq.gz /homedir04/msuokas/ev_project/rdemuxed/rev_comp_BC005.fastq.gz > /homedir04/msuokas/ev_project/merged_reads/merged_BC005.fastq.gz
2025-02-26 07:09:26,566 - INFO - Running command: cat /homedir04/msuokas/ev_project/fdemuxed/BC089.fastq.gz /homedir04/msuokas/ev_project/rdemuxed/rev_comp_BC089.fastq.gz > /homedir04/msuokas/ev_project/merged_reads/merged_BC089.fastq.gz
2025-02-26 07:09:26,569 - INFO - Running command: cat /homedir04/msuokas/ev_project/fdemuxed/BC086.fastq.gz /homedir04/msuokas/ev_project/rdemuxed/rev_comp_BC086.fastq.gz > /homedir04/msuokas/ev_project/merged_reads/merged_BC086.fastq.gz
2025-02-26 07:09:26,572 - INFO - Running command: cat /homedir04/msuokas/ev_project/fdemuxed/BC009.fastq.gz /homedir04/msuokas/ev_project/rdemuxed/rev_comp_BC009.fastq.gz > /homedir04/msuokas/ev_project/merged_reads/merged_BC009.fastq.gz
2025-02-26 07:09:26,580 - INFO - Running command: cat /homedir04/msuokas/ev_project/fdemuxed/BC047.fastq.gz /homedir04/msuokas/ev_project/rdemuxed/rev_comp_BC047.fastq.gz > /homedir04/msuokas/ev_project/merged_reads/merged_BC047.fastq.gz
2025-02-26 07:09:26,621 - INFO - Running command: cat /homedir04/msuokas/ev_project/fdemuxed/BC030.fastq.gz /homedir04/msuokas/ev_project/rdemuxed/rev_comp_BC030.fastq.gz > /homedir04/msuokas/ev_project/merged_reads/merged_BC030.fastq.gz
2025-02-26 07:09:26,641 - INFO - Running command: cat /homedir04/msuokas/ev_project/fdemuxed/BC067.fastq.gz /homedir04/msuokas/ev_project/rdemuxed/rev_comp_BC067.fastq.gz > /homedir04/msuokas/ev_project/merged_reads/merged_BC067.fastq.gz
2025-02-26 07:09:26,642 - INFO - Running command: cat /homedir04/msuokas/ev_project/fdemuxed/BC033.fastq.gz /homedir04/msuokas/ev_project/rdemuxed/rev_comp_BC033.fastq.gz > /homedir04/msuokas/ev_project/merged_reads/merged_BC033.fastq.gz
2025-02-26 07:09:26,645 - INFO - Running command: cat /homedir04/msuokas/ev_project/fdemuxed/BC026.fastq.gz /homedir04/msuokas/ev_project/rdemuxed/rev_comp_BC026.fastq.gz > /homedir04/msuokas/ev_project/merged_reads/merged_BC026.fastq.gz
2025-02-26 07:09:26,646 - INFO - Running command: cat /homedir04/msuokas/ev_project/fdemuxed/BC042.fastq.gz /homedir04/msuokas/ev_project/rdemuxed/rev_comp_BC042.fastq.gz > /homedir04/msuokas/ev_project/merged_reads/merged_BC042.fastq.gz
2025-02-26 07:09:26,648 - INFO - Running command: cat /homedir04/msuokas/ev_project/fdemuxed/BC017.fastq.gz /homedir04/msuokas/ev_project/rdemuxed/rev_comp_BC017.fastq.gz > /homedir04/msuokas/ev_project/merged_reads/merged_BC017.fastq.gz
2025-02-26 07:09:26,673 - INFO - Running command: cat /homedir04/msuokas/ev_project/fdemuxed/BC051.fastq.gz /homedir04/msuokas/ev_project/rdemuxed/rev_comp_BC051.fastq.gz > /homedir04/msuokas/ev_project/merged_reads/merged_BC051.fastq.gz
2025-02-26 07:09:26,677 - INFO - Running command: cat /homedir04/msuokas/ev_project/fdemuxed/BC073.fastq.gz /homedir04/msuokas/ev_project/rdemuxed/rev_comp_BC073.fastq.gz > /homedir04/msuokas/ev_project/merged_reads/merged_BC073.fastq.gz
2025-02-26 07:09:26,678 - INFO - Running command: cat /homedir04/msuokas/ev_project/fdemuxed/BC007.fastq.gz /homedir04/msuokas/ev_project/rdemuxed/rev_comp_BC007.fastq.gz > /homedir04/msuokas/ev_project/merged_reads/merged_BC007.fastq.gz
2025-02-26 07:09:26,681 - INFO - Running command: cat /homedir04/msuokas/ev_project/fdemuxed/BC060.fastq.gz /homedir04/msuokas/ev_project/rdemuxed/rev_comp_BC060.fastq.gz > /homedir04/msuokas/ev_project/merged_reads/merged_BC060.fastq.gz
2025-02-26 07:09:26,684 - INFO - Running command: cat /homedir04/msuokas/ev_project/fdemuxed/BC028.fastq.gz /homedir04/msuokas/ev_project/rdemuxed/rev_comp_BC028.fastq.gz > /homedir04/msuokas/ev_project/merged_reads/merged_BC028.fastq.gz
2025-02-26 07:09:26,693 - INFO - Running command: cat /homedir04/msuokas/ev_project/fdemuxed/BC021.fastq.gz /homedir04/msuokas/ev_project/rdemuxed/rev_comp_BC021.fastq.gz > /homedir04/msuokas/ev_project/merged_reads/merged_BC021.fastq.gz
2025-02-26 07:09:26,702 - INFO - Running command: cat /homedir04/msuokas/ev_project/fdemuxed/BC059.fastq.gz /homedir04/msuokas/ev_project/rdemuxed/rev_comp_BC059.fastq.gz > /homedir04/msuokas/ev_project/merged_reads/merged_BC059.fastq.gz
2025-02-26 07:09:26,721 - INFO - Running command: cat /homedir04/msuokas/ev_project/fdemuxed/BC069.fastq.gz /homedir04/msuokas/ev_project/rdemuxed/rev_comp_BC069.fastq.gz > /homedir04/msuokas/ev_project/merged_reads/merged_BC069.fastq.gz
2025-02-26 07:09:26,722 - INFO - Running command: cat /homedir04/msuokas/ev_project/fdemuxed/BC096.fastq.gz /homedir04/msuokas/ev_project/rdemuxed/rev_comp_BC096.fastq.gz > /homedir04/msuokas/ev_project/merged_reads/merged_BC096.fastq.gz
2025-02-26 07:09:26,724 - INFO - Running command: cat /homedir04/msuokas/ev_project/fdemuxed/BC014.fastq.gz /homedir04/msuokas/ev_project/rdemuxed/rev_comp_BC014.fastq.gz > /homedir04/msuokas/ev_project/merged_reads/merged_BC014.fastq.gz
2025-02-26 07:09:26,735 - INFO - Running command: cat /homedir04/msuokas/ev_project/fdemuxed/BC064.fastq.gz /homedir04/msuokas/ev_project/rdemuxed/rev_comp_BC064.fastq.gz > /homedir04/msuokas/ev_project/merged_reads/merged_BC064.fastq.gz
2025-02-26 07:09:26,738 - INFO - Running command: cat /homedir04/msuokas/ev_project/fdemuxed/BC010.fastq.gz /homedir04/msuokas/ev_project/rdemuxed/rev_comp_BC010.fastq.gz > /homedir04/msuokas/ev_project/merged_reads/merged_BC010.fastq.gz
2025-02-26 07:09:26,743 - INFO - Running command: cat /homedir04/msuokas/ev_project/fdemuxed/BC018.fastq.gz /homedir04/msuokas/ev_project/rdemuxed/rev_comp_BC018.fastq.gz > /homedir04/msuokas/ev_project/merged_reads/merged_BC018.fastq.gz
2025-02-26 07:09:26,746 - INFO - Running command: cat /homedir04/msuokas/ev_project/fdemuxed/BC074.fastq.gz /homedir04/msuokas/ev_project/rdemuxed/rev_comp_BC074.fastq.gz > /homedir04/msuokas/ev_project/merged_reads/merged_BC074.fastq.gz
2025-02-26 07:09:26,749 - INFO - Running command: cat /homedir04/msuokas/ev_project/fdemuxed/BC002.fastq.gz /homedir04/msuokas/ev_project/rdemuxed/rev_comp_BC002.fastq.gz > /homedir04/msuokas/ev_project/merged_reads/merged_BC002.fastq.gz
2025-02-26 07:09:26,753 - INFO - Running command: cat /homedir04/msuokas/ev_project/fdemuxed/BC068.fastq.gz /homedir04/msuokas/ev_project/rdemuxed/rev_comp_BC068.fastq.gz > /homedir04/msuokas/ev_project/merged_reads/merged_BC068.fastq.gz
2025-02-26 07:09:26,755 - INFO - Running command: cat /homedir04/msuokas/ev_project/fdemuxed/BC023.fastq.gz /homedir04/msuokas/ev_project/rdemuxed/rev_comp_BC023.fastq.gz > /homedir04/msuokas/ev_project/merged_reads/merged_BC023.fastq.gz
2025-02-26 07:09:26,761 - INFO - Running command: cat /homedir04/msuokas/ev_project/fdemuxed/BC043.fastq.gz /homedir04/msuokas/ev_project/rdemuxed/rev_comp_BC043.fastq.gz > /homedir04/msuokas/ev_project/merged_reads/merged_BC043.fastq.gz
2025-02-26 07:09:26,765 - INFO - Running command: cat /homedir04/msuokas/ev_project/fdemuxed/BC050.fastq.gz /homedir04/msuokas/ev_project/rdemuxed/rev_comp_BC050.fastq.gz > /homedir04/msuokas/ev_project/merged_reads/merged_BC050.fastq.gz
2025-02-26 07:09:26,769 - INFO - Running command: cat /homedir04/msuokas/ev_project/fdemuxed/BC093.fastq.gz /homedir04/msuokas/ev_project/rdemuxed/rev_comp_BC093.fastq.gz > /homedir04/msuokas/ev_project/merged_reads/merged_BC093.fastq.gz
2025-02-26 07:09:26,771 - INFO - Running command: cat /homedir04/msuokas/ev_project/fdemuxed/BC076.fastq.gz /homedir04/msuokas/ev_project/rdemuxed/rev_comp_BC076.fastq.gz > /homedir04/msuokas/ev_project/merged_reads/merged_BC076.fastq.gz
2025-02-26 07:09:26,774 - INFO - Running command: cat /homedir04/msuokas/ev_project/fdemuxed/BC004.fastq.gz /homedir04/msuokas/ev_project/rdemuxed/rev_comp_BC004.fastq.gz > /homedir04/msuokas/ev_project/merged_reads/merged_BC004.fastq.gz
2025-02-26 07:09:26,785 - INFO - Running command: cat /homedir04/msuokas/ev_project/fdemuxed/BC081.fastq.gz /homedir04/msuokas/ev_project/rdemuxed/rev_comp_BC081.fastq.gz > /homedir04/msuokas/ev_project/merged_reads/merged_BC081.fastq.gz
2025-02-26 07:09:26,787 - INFO - Running command: cat /homedir04/msuokas/ev_project/fdemuxed/BC095.fastq.gz /homedir04/msuokas/ev_project/rdemuxed/rev_comp_BC095.fastq.gz > /homedir04/msuokas/ev_project/merged_reads/merged_BC095.fastq.gz
2025-02-26 07:09:26,790 - INFO - Running command: cat /homedir04/msuokas/ev_project/fdemuxed/BC001.fastq.gz /homedir04/msuokas/ev_project/rdemuxed/rev_comp_BC001.fastq.gz > /homedir04/msuokas/ev_project/merged_reads/merged_BC001.fastq.gz
2025-02-26 07:09:26,796 - INFO - Running command: cat /homedir04/msuokas/ev_project/fdemuxed/BC006.fastq.gz /homedir04/msuokas/ev_project/rdemuxed/rev_comp_BC006.fastq.gz > /homedir04/msuokas/ev_project/merged_reads/merged_BC006.fastq.gz
2025-02-26 07:09:26,803 - INFO - Running command: cat /homedir04/msuokas/ev_project/fdemuxed/BC044.fastq.gz /homedir04/msuokas/ev_project/rdemuxed/rev_comp_BC044.fastq.gz > /homedir04/msuokas/ev_project/merged_reads/merged_BC044.fastq.gz
2025-02-26 07:09:26,814 - INFO - Running command: cat /homedir04/msuokas/ev_project/fdemuxed/BC011.fastq.gz /homedir04/msuokas/ev_project/rdemuxed/rev_comp_BC011.fastq.gz > /homedir04/msuokas/ev_project/merged_reads/merged_BC011.fastq.gz
2025-02-26 07:09:26,822 - INFO - Running command: cat /homedir04/msuokas/ev_project/fdemuxed/BC091.fastq.gz /homedir04/msuokas/ev_project/rdemuxed/rev_comp_BC091.fastq.gz > /homedir04/msuokas/ev_project/merged_reads/merged_BC091.fastq.gz
2025-02-26 07:09:26,824 - INFO - Running command: cat /homedir04/msuokas/ev_project/fdemuxed/BC083.fastq.gz /homedir04/msuokas/ev_project/rdemuxed/rev_comp_BC083.fastq.gz > /homedir04/msuokas/ev_project/merged_reads/merged_BC083.fastq.gz
2025-02-26 07:09:26,826 - INFO - Running command: cat /homedir04/msuokas/ev_project/fdemuxed/BC045.fastq.gz /homedir04/msuokas/ev_project/rdemuxed/rev_comp_BC045.fastq.gz > /homedir04/msuokas/ev_project/merged_reads/merged_BC045.fastq.gz
2025-02-26 07:09:26,833 - INFO - Running command: cat /homedir04/msuokas/ev_project/fdemuxed/BC071.fastq.gz /homedir04/msuokas/ev_project/rdemuxed/rev_comp_BC071.fastq.gz > /homedir04/msuokas/ev_project/merged_reads/merged_BC071.fastq.gz
2025-02-26 07:09:26,836 - INFO - Running command: cat /homedir04/msuokas/ev_project/fdemuxed/BC037.fastq.gz /homedir04/msuokas/ev_project/rdemuxed/rev_comp_BC037.fastq.gz > /homedir04/msuokas/ev_project/merged_reads/merged_BC037.fastq.gz
2025-02-26 07:09:26,892 - INFO - Running command: cat /homedir04/msuokas/ev_project/fdemuxed/BC031.fastq.gz /homedir04/msuokas/ev_project/rdemuxed/rev_comp_BC031.fastq.gz > /homedir04/msuokas/ev_project/merged_reads/merged_BC031.fastq.gz
2025-02-26 07:09:26,898 - INFO - Running command: cat /homedir04/msuokas/ev_project/fdemuxed/BC008.fastq.gz /homedir04/msuokas/ev_project/rdemuxed/rev_comp_BC008.fastq.gz > /homedir04/msuokas/ev_project/merged_reads/merged_BC008.fastq.gz
2025-02-26 07:09:26,905 - INFO - Running command: cat /homedir04/msuokas/ev_project/fdemuxed/BC087.fastq.gz /homedir04/msuokas/ev_project/rdemuxed/rev_comp_BC087.fastq.gz > /homedir04/msuokas/ev_project/merged_reads/merged_BC087.fastq.gz
2025-02-26 07:09:26,906 - INFO - Running command: cat /homedir04/msuokas/ev_project/fdemuxed/BC015.fastq.gz /homedir04/msuokas/ev_project/rdemuxed/rev_comp_BC015.fastq.gz > /homedir04/msuokas/ev_project/merged_reads/merged_BC015.fastq.gz
2025-02-26 07:09:26,917 - INFO - Running command: cat /homedir04/msuokas/ev_project/fdemuxed/BC036.fastq.gz /homedir04/msuokas/ev_project/rdemuxed/rev_comp_BC036.fastq.gz > /homedir04/msuokas/ev_project/merged_reads/merged_BC036.fastq.gz
2025-02-26 07:09:26,988 - INFO - Running command: cat /homedir04/msuokas/ev_project/fdemuxed/BC072.fastq.gz /homedir04/msuokas/ev_project/rdemuxed/rev_comp_BC072.fastq.gz > /homedir04/msuokas/ev_project/merged_reads/merged_BC072.fastq.gz
2025-02-26 07:09:26,990 - INFO - Running command: cat /homedir04/msuokas/ev_project/fdemuxed/BC065.fastq.gz /homedir04/msuokas/ev_project/rdemuxed/rev_comp_BC065.fastq.gz > /homedir04/msuokas/ev_project/merged_reads/merged_BC065.fastq.gz
2025-02-26 07:09:26,991 - INFO - Running command: cat /homedir04/msuokas/ev_project/fdemuxed/BC020.fastq.gz /homedir04/msuokas/ev_project/rdemuxed/rev_comp_BC020.fastq.gz > /homedir04/msuokas/ev_project/merged_reads/merged_BC020.fastq.gz
2025-02-26 07:09:27,014 - INFO - Running command: cat /homedir04/msuokas/ev_project/fdemuxed/BC085.fastq.gz /homedir04/msuokas/ev_project/rdemuxed/rev_comp_BC085.fastq.gz > /homedir04/msuokas/ev_project/merged_reads/merged_BC085.fastq.gz
2025-02-26 07:09:27,016 - INFO - Running command: cat /homedir04/msuokas/ev_project/fdemuxed/BC066.fastq.gz /homedir04/msuokas/ev_project/rdemuxed/rev_comp_BC066.fastq.gz > /homedir04/msuokas/ev_project/merged_reads/merged_BC066.fastq.gz
2025-02-26 07:09:27,017 - INFO - Running command: cat /homedir04/msuokas/ev_project/fdemuxed/BC088.fastq.gz /homedir04/msuokas/ev_project/rdemuxed/rev_comp_BC088.fastq.gz > /homedir04/msuokas/ev_project/merged_reads/merged_BC088.fastq.gz
2025-02-26 07:09:27,018 - INFO - Running command: cat /homedir04/msuokas/ev_project/fdemuxed/BC012.fastq.gz /homedir04/msuokas/ev_project/rdemuxed/rev_comp_BC012.fastq.gz > /homedir04/msuokas/ev_project/merged_reads/merged_BC012.fastq.gz
2025-02-26 07:09:27,022 - INFO - Running command: cat /homedir04/msuokas/ev_project/fdemuxed/BC075.fastq.gz /homedir04/msuokas/ev_project/rdemuxed/rev_comp_BC075.fastq.gz > /homedir04/msuokas/ev_project/merged_reads/merged_BC075.fastq.gz
2025-02-26 07:09:27,023 - INFO - Running command: cat /homedir04/msuokas/ev_project/fdemuxed/BC013.fastq.gz /homedir04/msuokas/ev_project/rdemuxed/rev_comp_BC013.fastq.gz > /homedir04/msuokas/ev_project/merged_reads/merged_BC013.fastq.gz
2025-02-26 07:09:27,032 - INFO - Running command: cat /homedir04/msuokas/ev_project/fdemuxed/BC057.fastq.gz /homedir04/msuokas/ev_project/rdemuxed/rev_comp_BC057.fastq.gz > /homedir04/msuokas/ev_project/merged_reads/merged_BC057.fastq.gz
2025-02-26 07:09:27,034 - INFO - Running command: cat /homedir04/msuokas/ev_project/fdemuxed/BC025.fastq.gz /homedir04/msuokas/ev_project/rdemuxed/rev_comp_BC025.fastq.gz > /homedir04/msuokas/ev_project/merged_reads/merged_BC025.fastq.gz
2025-02-26 07:09:27,038 - INFO - Running command: cat /homedir04/msuokas/ev_project/fdemuxed/BC035.fastq.gz /homedir04/msuokas/ev_project/rdemuxed/rev_comp_BC035.fastq.gz > /homedir04/msuokas/ev_project/merged_reads/merged_BC035.fastq.gz
2025-02-26 07:09:27,082 - INFO - Running command: cat /homedir04/msuokas/ev_project/fdemuxed/BC079.fastq.gz /homedir04/msuokas/ev_project/rdemuxed/rev_comp_BC079.fastq.gz > /homedir04/msuokas/ev_project/merged_reads/merged_BC079.fastq.gz
2025-02-26 07:09:27,083 - INFO - Running command: cat /homedir04/msuokas/ev_project/fdemuxed/BC055.fastq.gz /homedir04/msuokas/ev_project/rdemuxed/rev_comp_BC055.fastq.gz > /homedir04/msuokas/ev_project/merged_reads/merged_BC055.fastq.gz
2025-02-26 07:09:27,088 - INFO - Running command: cat /homedir04/msuokas/ev_project/fdemuxed/BC034.fastq.gz /homedir04/msuokas/ev_project/rdemuxed/rev_comp_BC034.fastq.gz > /homedir04/msuokas/ev_project/merged_reads/merged_BC034.fastq.gz
2025-02-26 07:09:27,089 - INFO - Running command: cat /homedir04/msuokas/ev_project/fdemuxed/BC041.fastq.gz /homedir04/msuokas/ev_project/rdemuxed/rev_comp_BC041.fastq.gz > /homedir04/msuokas/ev_project/merged_reads/merged_BC041.fastq.gz
2025-02-26 07:09:27,091 - INFO - Running command: cat /homedir04/msuokas/ev_project/fdemuxed/BC052.fastq.gz /homedir04/msuokas/ev_project/rdemuxed/rev_comp_BC052.fastq.gz > /homedir04/msuokas/ev_project/merged_reads/merged_BC052.fastq.gz
2025-02-26 07:09:27,094 - WARNING - /homedir04/msuokas/ev_project/merged_reads/merged_BC069.fastq.gz contains only 0 sequences. Deleting the file.
2025-02-26 07:09:27,160 - INFO - Running command: cutadapt -g TCCGTAGGTGAACCTGCGG -a GCATATCAATAAGCGGAGGA --trimmed-only -j 4 --error-rate 0.1 -m 200 -o /homedir04/msuokas/ev_project/trimmed_reads/BC046_trimmed.fastq.gz /homedir04/msuokas/ev_project/merged_reads/merged_BC046.fastq.gz
2025-02-26 07:09:27,383 - INFO - Running command: cutadapt -g TCCGTAGGTGAACCTGCGG -a GCATATCAATAAGCGGAGGA --trimmed-only -j 4 --error-rate 0.1 -m 200 -o /homedir04/msuokas/ev_project/trimmed_reads/BC080_trimmed.fastq.gz /homedir04/msuokas/ev_project/merged_reads/merged_BC080.fastq.gz
2025-02-26 07:09:28,128 - INFO - Running command: cutadapt -g TCCGTAGGTGAACCTGCGG -a GCATATCAATAAGCGGAGGA --trimmed-only -j 4 --error-rate 0.1 -m 200 -o /homedir04/msuokas/ev_project/trimmed_reads/BC029_trimmed.fastq.gz /homedir04/msuokas/ev_project/merged_reads/merged_BC029.fastq.gz
2025-02-26 07:09:29,264 - INFO - Running command: cutadapt -g TCCGTAGGTGAACCTGCGG -a GCATATCAATAAGCGGAGGA --trimmed-only -j 4 --error-rate 0.1 -m 200 -o /homedir04/msuokas/ev_project/trimmed_reads/BC032_trimmed.fastq.gz /homedir04/msuokas/ev_project/merged_reads/merged_BC032.fastq.gz
2025-02-26 07:09:29,832 - WARNING - /homedir04/msuokas/ev_project/merged_reads/merged_BC087.fastq.gz contains only 1 sequences. Deleting the file.
2025-02-26 07:09:29,951 - INFO - Running command: cutadapt -g TCCGTAGGTGAACCTGCGG -a GCATATCAATAAGCGGAGGA --trimmed-only -j 4 --error-rate 0.1 -m 200 -o /homedir04/msuokas/ev_project/trimmed_reads/BC008_trimmed.fastq.gz /homedir04/msuokas/ev_project/merged_reads/merged_BC008.fastq.gz
2025-02-26 07:09:30,322 - INFO - Running command: cutadapt -g TCCGTAGGTGAACCTGCGG -a GCATATCAATAAGCGGAGGA --trimmed-only -j 4 --error-rate 0.1 -m 200 -o /homedir04/msuokas/ev_project/trimmed_reads/BC013_trimmed.fastq.gz /homedir04/msuokas/ev_project/merged_reads/merged_BC013.fastq.gz
2025-02-26 07:09:30,564 - WARNING - /homedir04/msuokas/ev_project/merged_reads/merged_BC075.fastq.gz contains only 1 sequences. Deleting the file.
2025-02-26 07:09:30,622 - INFO - Running command: cutadapt -g TCCGTAGGTGAACCTGCGG -a GCATATCAATAAGCGGAGGA --trimmed-only -j 4 --error-rate 0.1 -m 200 -o /homedir04/msuokas/ev_project/trimmed_reads/BC027_trimmed.fastq.gz /homedir04/msuokas/ev_project/merged_reads/merged_BC027.fastq.gz
2025-02-26 07:09:30,851 - INFO - Running command: cutadapt -g TCCGTAGGTGAACCTGCGG -a GCATATCAATAAGCGGAGGA --trimmed-only -j 4 --error-rate 0.1 -m 200 -o /homedir04/msuokas/ev_project/trimmed_reads/BC064_trimmed.fastq.gz /homedir04/msuokas/ev_project/merged_reads/merged_BC064.fastq.gz
2025-02-26 07:09:31,207 - INFO - Running command: cutadapt -g TCCGTAGGTGAACCTGCGG -a GCATATCAATAAGCGGAGGA --trimmed-only -j 4 --error-rate 0.1 -m 200 -o /homedir04/msuokas/ev_project/trimmed_reads/BC015_trimmed.fastq.gz /homedir04/msuokas/ev_project/merged_reads/merged_BC015.fastq.gz
2025-02-26 07:09:31,529 - WARNING - /homedir04/msuokas/ev_project/merged_reads/merged_BC085.fastq.gz contains only 1 sequences. Deleting the file.
2025-02-26 07:09:31,529 - WARNING - /homedir04/msuokas/ev_project/merged_reads/merged_BC077.fastq.gz contains only 3 sequences. Deleting the file.
2025-02-26 07:09:31,541 - INFO - Running command: cutadapt -g TCCGTAGGTGAACCTGCGG -a GCATATCAATAAGCGGAGGA --trimmed-only -j 4 --error-rate 0.1 -m 200 -o /homedir04/msuokas/ev_project/trimmed_reads/BC002_trimmed.fastq.gz /homedir04/msuokas/ev_project/merged_reads/merged_BC002.fastq.gz
2025-02-26 07:09:31,726 - INFO - Running command: cutadapt -g TCCGTAGGTGAACCTGCGG -a GCATATCAATAAGCGGAGGA --trimmed-only -j 4 --error-rate 0.1 -m 200 -o /homedir04/msuokas/ev_project/trimmed_reads/BC050_trimmed.fastq.gz /homedir04/msuokas/ev_project/merged_reads/merged_BC050.fastq.gz
2025-02-26 07:09:31,895 - WARNING - /homedir04/msuokas/ev_project/merged_reads/merged_BC093.fastq.gz contains only 0 sequences. Deleting the file.
2025-02-26 07:09:31,982 - INFO - Running command: cutadapt -g TCCGTAGGTGAACCTGCGG -a GCATATCAATAAGCGGAGGA --trimmed-only -j 4 --error-rate 0.1 -m 200 -o /homedir04/msuokas/ev_project/trimmed_reads/BC044_trimmed.fastq.gz /homedir04/msuokas/ev_project/merged_reads/merged_BC044.fastq.gz
2025-02-26 07:09:32,261 - INFO - Running command: cutadapt -g TCCGTAGGTGAACCTGCGG -a GCATATCAATAAGCGGAGGA --trimmed-only -j 4 --error-rate 0.1 -m 200 -o /homedir04/msuokas/ev_project/trimmed_reads/BC023_trimmed.fastq.gz /homedir04/msuokas/ev_project/merged_reads/merged_BC023.fastq.gz
2025-02-26 07:09:32,875 - INFO - Running command: cutadapt -g TCCGTAGGTGAACCTGCGG -a GCATATCAATAAGCGGAGGA --trimmed-only -j 4 --error-rate 0.1 -m 200 -o /homedir04/msuokas/ev_project/trimmed_reads/BC059_trimmed.fastq.gz /homedir04/msuokas/ev_project/merged_reads/merged_BC059.fastq.gz
2025-02-26 07:09:33,452 - INFO - Running command: cutadapt -g TCCGTAGGTGAACCTGCGG -a GCATATCAATAAGCGGAGGA --trimmed-only -j 4 --error-rate 0.1 -m 200 -o /homedir04/msuokas/ev_project/trimmed_reads/BC031_trimmed.fastq.gz /homedir04/msuokas/ev_project/merged_reads/merged_BC031.fastq.gz
2025-02-26 07:09:33,732 - WARNING - /homedir04/msuokas/ev_project/merged_reads/merged_BC065.fastq.gz contains only 0 sequences. Deleting the file.
2025-02-26 07:09:33,732 - WARNING - /homedir04/msuokas/ev_project/merged_reads/merged_BC092.fastq.gz contains only 0 sequences. Deleting the file.
2025-02-26 07:09:33,732 - WARNING - /homedir04/msuokas/ev_project/merged_reads/merged_BC071.fastq.gz contains only 2 sequences. Deleting the file.
2025-02-26 07:09:33,732 - WARNING - /homedir04/msuokas/ev_project/merged_reads/merged_BC068.fastq.gz contains only 3 sequences. Deleting the file.
2025-02-26 07:09:35,120 - INFO - Running command: cutadapt -g TCCGTAGGTGAACCTGCGG -a GCATATCAATAAGCGGAGGA --trimmed-only -j 4 --error-rate 0.1 -m 200 -o /homedir04/msuokas/ev_project/trimmed_reads/BC037_trimmed.fastq.gz /homedir04/msuokas/ev_project/merged_reads/merged_BC037.fastq.gz
2025-02-26 07:09:36,240 - WARNING - /homedir04/msuokas/ev_project/merged_reads/merged_BC096.fastq.gz contains only 0 sequences. Deleting the file.
2025-02-26 07:09:36,240 - WARNING - /homedir04/msuokas/ev_project/merged_reads/merged_BC084.fastq.gz contains only 0 sequences. Deleting the file.
2025-02-26 07:09:36,242 - INFO - Running command: cutadapt -g TCCGTAGGTGAACCTGCGG -a GCATATCAATAAGCGGAGGA --trimmed-only -j 4 --error-rate 0.1 -m 200 -o /homedir04/msuokas/ev_project/trimmed_reads/BC034_trimmed.fastq.gz /homedir04/msuokas/ev_project/merged_reads/merged_BC034.fastq.gz
2025-02-26 07:09:36,980 - INFO - Running command: cutadapt -g TCCGTAGGTGAACCTGCGG -a GCATATCAATAAGCGGAGGA --trimmed-only -j 4 --error-rate 0.1 -m 200 -o /homedir04/msuokas/ev_project/trimmed_reads/BC017_trimmed.fastq.gz /homedir04/msuokas/ev_project/merged_reads/merged_BC017.fastq.gz
2025-02-26 07:09:37,571 - INFO - Running command: cutadapt -g TCCGTAGGTGAACCTGCGG -a GCATATCAATAAGCGGAGGA --trimmed-only -j 4 --error-rate 0.1 -m 200 -o /homedir04/msuokas/ev_project/trimmed_reads/BC018_trimmed.fastq.gz /homedir04/msuokas/ev_project/merged_reads/merged_BC018.fastq.gz
2025-02-26 07:09:37,835 - INFO - Running command: cutadapt -g TCCGTAGGTGAACCTGCGG -a GCATATCAATAAGCGGAGGA --trimmed-only -j 4 --error-rate 0.1 -m 200 -o /homedir04/msuokas/ev_project/trimmed_reads/BC011_trimmed.fastq.gz /homedir04/msuokas/ev_project/merged_reads/merged_BC011.fastq.gz
2025-02-26 07:09:38,231 - INFO - Running command: cutadapt -g TCCGTAGGTGAACCTGCGG -a GCATATCAATAAGCGGAGGA --trimmed-only -j 4 --error-rate 0.1 -m 200 -o /homedir04/msuokas/ev_project/trimmed_reads/BC021_trimmed.fastq.gz /homedir04/msuokas/ev_project/merged_reads/merged_BC021.fastq.gz
2025-02-26 07:09:38,494 - WARNING - /homedir04/msuokas/ev_project/merged_reads/merged_BC090.fastq.gz contains only 0 sequences. Deleting the file.
2025-02-26 07:09:38,494 - INFO - Running command: cutadapt -g TCCGTAGGTGAACCTGCGG -a GCATATCAATAAGCGGAGGA --trimmed-only -j 4 --error-rate 0.1 -m 200 -o /homedir04/msuokas/ev_project/trimmed_reads/BC081_trimmed.fastq.gz /homedir04/msuokas/ev_project/merged_reads/merged_BC081.fastq.gz
2025-02-26 07:09:39,418 - INFO - Running command: cutadapt -g TCCGTAGGTGAACCTGCGG -a GCATATCAATAAGCGGAGGA --trimmed-only -j 4 --error-rate 0.1 -m 200 -o /homedir04/msuokas/ev_project/trimmed_reads/BC020_trimmed.fastq.gz /homedir04/msuokas/ev_project/merged_reads/merged_BC020.fastq.gz
2025-02-26 07:09:40,183 - INFO - Running command: cutadapt -g TCCGTAGGTGAACCTGCGG -a GCATATCAATAAGCGGAGGA --trimmed-only -j 4 --error-rate 0.1 -m 200 -o /homedir04/msuokas/ev_project/trimmed_reads/BC052_trimmed.fastq.gz /homedir04/msuokas/ev_project/merged_reads/merged_BC052.fastq.gz
2025-02-26 07:09:40,782 - INFO - Running command: cutadapt -g TCCGTAGGTGAACCTGCGG -a GCATATCAATAAGCGGAGGA --trimmed-only -j 4 --error-rate 0.1 -m 200 -o /homedir04/msuokas/ev_project/trimmed_reads/BC038_trimmed.fastq.gz /homedir04/msuokas/ev_project/merged_reads/merged_BC038.fastq.gz
2025-02-26 07:09:41,256 - WARNING - /homedir04/msuokas/ev_project/merged_reads/merged_BC079.fastq.gz contains only 1 sequences. Deleting the file.
2025-02-26 07:09:42,456 - INFO - Running command: cutadapt -g TCCGTAGGTGAACCTGCGG -a GCATATCAATAAGCGGAGGA --trimmed-only -j 4 --error-rate 0.1 -m 200 -o /homedir04/msuokas/ev_project/trimmed_reads/BC035_trimmed.fastq.gz /homedir04/msuokas/ev_project/merged_reads/merged_BC035.fastq.gz
2025-02-26 07:09:43,556 - WARNING - /homedir04/msuokas/ev_project/merged_reads/merged_BC076.fastq.gz contains only 3 sequences. Deleting the file.
2025-02-26 07:09:43,693 - INFO - Running command: cutadapt -g TCCGTAGGTGAACCTGCGG -a GCATATCAATAAGCGGAGGA --trimmed-only -j 4 --error-rate 0.1 -m 200 -o /homedir04/msuokas/ev_project/trimmed_reads/BC004_trimmed.fastq.gz /homedir04/msuokas/ev_project/merged_reads/merged_BC004.fastq.gz
2025-02-26 07:09:44,922 - INFO - Running command: cutadapt -g TCCGTAGGTGAACCTGCGG -a GCATATCAATAAGCGGAGGA --trimmed-only -j 4 --error-rate 0.1 -m 200 -o /homedir04/msuokas/ev_project/trimmed_reads/BC047_trimmed.fastq.gz /homedir04/msuokas/ev_project/merged_reads/merged_BC047.fastq.gz
2025-02-26 07:09:45,762 - INFO - Running command: cutadapt -g TCCGTAGGTGAACCTGCGG -a GCATATCAATAAGCGGAGGA --trimmed-only -j 4 --error-rate 0.1 -m 200 -o /homedir04/msuokas/ev_project/trimmed_reads/BC042_trimmed.fastq.gz /homedir04/msuokas/ev_project/merged_reads/merged_BC042.fastq.gz
2025-02-26 07:09:45,918 - WARNING - /homedir04/msuokas/ev_project/merged_reads/merged_BC095.fastq.gz contains only 0 sequences. Deleting the file.
2025-02-26 07:09:48,207 - INFO - Running command: cutadapt -g TCCGTAGGTGAACCTGCGG -a GCATATCAATAAGCGGAGGA --trimmed-only -j 4 --error-rate 0.1 -m 200 -o /homedir04/msuokas/ev_project/trimmed_reads/BC036_trimmed.fastq.gz /homedir04/msuokas/ev_project/merged_reads/merged_BC036.fastq.gz
2025-02-26 07:09:50,123 - INFO - Running command: cutadapt -g TCCGTAGGTGAACCTGCGG -a GCATATCAATAAGCGGAGGA --trimmed-only -j 4 --error-rate 0.1 -m 200 -o /homedir04/msuokas/ev_project/trimmed_reads/BC028_trimmed.fastq.gz /homedir04/msuokas/ev_project/merged_reads/merged_BC028.fastq.gz
2025-02-26 07:09:50,462 - INFO - Running command: cutadapt -g TCCGTAGGTGAACCTGCGG -a GCATATCAATAAGCGGAGGA --trimmed-only -j 4 --error-rate 0.1 -m 200 -o /homedir04/msuokas/ev_project/trimmed_reads/BC045_trimmed.fastq.gz /homedir04/msuokas/ev_project/merged_reads/merged_BC045.fastq.gz
2025-02-26 07:09:50,724 - INFO - Running command: cutadapt -g TCCGTAGGTGAACCTGCGG -a GCATATCAATAAGCGGAGGA --trimmed-only -j 4 --error-rate 0.1 -m 200 -o /homedir04/msuokas/ev_project/trimmed_reads/BC007_trimmed.fastq.gz /homedir04/msuokas/ev_project/merged_reads/merged_BC007.fastq.gz
2025-02-26 07:09:51,391 - INFO - Running command: cutadapt -g TCCGTAGGTGAACCTGCGG -a GCATATCAATAAGCGGAGGA --trimmed-only -j 4 --error-rate 0.1 -m 200 -o /homedir04/msuokas/ev_project/trimmed_reads/BC030_trimmed.fastq.gz /homedir04/msuokas/ev_project/merged_reads/merged_BC030.fastq.gz
2025-02-26 07:09:51,905 - INFO - Running command: cutadapt -g TCCGTAGGTGAACCTGCGG -a GCATATCAATAAGCGGAGGA --trimmed-only -j 4 --error-rate 0.1 -m 200 -o /homedir04/msuokas/ev_project/trimmed_reads/BC060_trimmed.fastq.gz /homedir04/msuokas/ev_project/merged_reads/merged_BC060.fastq.gz
2025-02-26 07:09:52,123 - WARNING - /homedir04/msuokas/ev_project/merged_reads/merged_BC082.fastq.gz contains only 0 sequences. Deleting the file.
2025-02-26 07:09:52,161 - INFO - Running command: cutadapt -g TCCGTAGGTGAACCTGCGG -a GCATATCAATAAGCGGAGGA --trimmed-only -j 4 --error-rate 0.1 -m 200 -o /homedir04/msuokas/ev_project/trimmed_reads/BC024_trimmed.fastq.gz /homedir04/msuokas/ev_project/merged_reads/merged_BC024.fastq.gz
2025-02-26 07:09:52,453 - INFO - Running command: cutadapt -g TCCGTAGGTGAACCTGCGG -a GCATATCAATAAGCGGAGGA --trimmed-only -j 4 --error-rate 0.1 -m 200 -o /homedir04/msuokas/ev_project/trimmed_reads/BC012_trimmed.fastq.gz /homedir04/msuokas/ev_project/merged_reads/merged_BC012.fastq.gz
2025-02-26 07:09:52,732 - INFO - Running command: cutadapt -g TCCGTAGGTGAACCTGCGG -a GCATATCAATAAGCGGAGGA --trimmed-only -j 4 --error-rate 0.1 -m 200 -o /homedir04/msuokas/ev_project/trimmed_reads/BC063_trimmed.fastq.gz /homedir04/msuokas/ev_project/merged_reads/merged_BC063.fastq.gz
2025-02-26 07:09:52,977 - INFO - Running command: cutadapt -g TCCGTAGGTGAACCTGCGG -a GCATATCAATAAGCGGAGGA --trimmed-only -j 4 --error-rate 0.1 -m 200 -o /homedir04/msuokas/ev_project/trimmed_reads/BC057_trimmed.fastq.gz /homedir04/msuokas/ev_project/merged_reads/merged_BC057.fastq.gz
2025-02-26 07:09:53,245 - INFO - Running command: cutadapt -g TCCGTAGGTGAACCTGCGG -a GCATATCAATAAGCGGAGGA --trimmed-only -j 4 --error-rate 0.1 -m 200 -o /homedir04/msuokas/ev_project/trimmed_reads/BC005_trimmed.fastq.gz /homedir04/msuokas/ev_project/merged_reads/merged_BC005.fastq.gz
2025-02-26 07:09:53,461 - WARNING - /homedir04/msuokas/ev_project/merged_reads/merged_BC072.fastq.gz contains only 0 sequences. Deleting the file.
2025-02-26 07:09:53,523 - INFO - Running command: cutadapt -g TCCGTAGGTGAACCTGCGG -a GCATATCAATAAGCGGAGGA --trimmed-only -j 4 --error-rate 0.1 -m 200 -o /homedir04/msuokas/ev_project/trimmed_reads/BC006_trimmed.fastq.gz /homedir04/msuokas/ev_project/merged_reads/merged_BC006.fastq.gz
2025-02-26 07:09:53,747 - INFO - Running command: cutadapt -g TCCGTAGGTGAACCTGCGG -a GCATATCAATAAGCGGAGGA --trimmed-only -j 4 --error-rate 0.1 -m 200 -o /homedir04/msuokas/ev_project/trimmed_reads/BC026_trimmed.fastq.gz /homedir04/msuokas/ev_project/merged_reads/merged_BC026.fastq.gz
2025-02-26 07:09:53,898 - WARNING - /homedir04/msuokas/ev_project/merged_reads/merged_BC074.fastq.gz contains only 1 sequences. Deleting the file.
2025-02-26 07:09:53,990 - INFO - Running command: cutadapt -g TCCGTAGGTGAACCTGCGG -a GCATATCAATAAGCGGAGGA --trimmed-only -j 4 --error-rate 0.1 -m 200 -o /homedir04/msuokas/ev_project/trimmed_reads/BC055_trimmed.fastq.gz /homedir04/msuokas/ev_project/merged_reads/merged_BC055.fastq.gz
2025-02-26 07:09:54,464 - INFO - Running command: cutadapt -g TCCGTAGGTGAACCTGCGG -a GCATATCAATAAGCGGAGGA --trimmed-only -j 4 --error-rate 0.1 -m 200 -o /homedir04/msuokas/ev_project/trimmed_reads/BC039_trimmed.fastq.gz /homedir04/msuokas/ev_project/merged_reads/merged_BC039.fastq.gz
2025-02-26 07:09:54,843 - INFO - Running command: cutadapt -g TCCGTAGGTGAACCTGCGG -a GCATATCAATAAGCGGAGGA --trimmed-only -j 4 --error-rate 0.1 -m 200 -o /homedir04/msuokas/ev_project/trimmed_reads/BC003_trimmed.fastq.gz /homedir04/msuokas/ev_project/merged_reads/merged_BC003.fastq.gz
2025-02-26 07:09:57,675 - INFO - Running command: cutadapt -g TCCGTAGGTGAACCTGCGG -a GCATATCAATAAGCGGAGGA --trimmed-only -j 4 --error-rate 0.1 -m 200 -o /homedir04/msuokas/ev_project/trimmed_reads/BC040_trimmed.fastq.gz /homedir04/msuokas/ev_project/merged_reads/merged_BC040.fastq.gz
2025-02-26 07:09:59,799 - INFO - Running command: cutadapt -g TCCGTAGGTGAACCTGCGG -a GCATATCAATAAGCGGAGGA --trimmed-only -j 4 --error-rate 0.1 -m 200 -o /homedir04/msuokas/ev_project/trimmed_reads/BC043_trimmed.fastq.gz /homedir04/msuokas/ev_project/merged_reads/merged_BC043.fastq.gz
2025-02-26 07:10:00,159 - INFO - Running command: cutadapt -g TCCGTAGGTGAACCTGCGG -a GCATATCAATAAGCGGAGGA --trimmed-only -j 4 --error-rate 0.1 -m 200 -o /homedir04/msuokas/ev_project/trimmed_reads/BC062_trimmed.fastq.gz /homedir04/msuokas/ev_project/merged_reads/merged_BC062.fastq.gz
2025-02-26 07:10:00,458 - WARNING - /homedir04/msuokas/ev_project/merged_reads/merged_BC070.fastq.gz contains only 0 sequences. Deleting the file.
2025-02-26 07:10:00,839 - INFO - Running command: cutadapt -g TCCGTAGGTGAACCTGCGG -a GCATATCAATAAGCGGAGGA --trimmed-only -j 4 --error-rate 0.1 -m 200 -o /homedir04/msuokas/ev_project/trimmed_reads/BC016_trimmed.fastq.gz /homedir04/msuokas/ev_project/merged_reads/merged_BC016.fastq.gz
2025-02-26 07:10:01,329 - INFO - Running command: cutadapt -g TCCGTAGGTGAACCTGCGG -a GCATATCAATAAGCGGAGGA --trimmed-only -j 4 --error-rate 0.1 -m 200 -o /homedir04/msuokas/ev_project/trimmed_reads/BC025_trimmed.fastq.gz /homedir04/msuokas/ev_project/merged_reads/merged_BC025.fastq.gz
2025-02-26 07:10:01,527 - INFO - Running command: cutadapt -g TCCGTAGGTGAACCTGCGG -a GCATATCAATAAGCGGAGGA --trimmed-only -j 4 --error-rate 0.1 -m 200 -o /homedir04/msuokas/ev_project/trimmed_reads/BC056_trimmed.fastq.gz /homedir04/msuokas/ev_project/merged_reads/merged_BC056.fastq.gz
2025-02-26 07:10:01,684 - WARNING - /homedir04/msuokas/ev_project/merged_reads/merged_BC086.fastq.gz contains only 0 sequences. Deleting the file.
2025-02-26 07:10:01,684 - WARNING - /homedir04/msuokas/ev_project/merged_reads/merged_BC083.fastq.gz contains only 0 sequences. Deleting the file.
2025-02-26 07:10:01,713 - INFO - Running command: cutadapt -g TCCGTAGGTGAACCTGCGG -a GCATATCAATAAGCGGAGGA --trimmed-only -j 4 --error-rate 0.1 -m 200 -o /homedir04/msuokas/ev_project/trimmed_reads/BC010_trimmed.fastq.gz /homedir04/msuokas/ev_project/merged_reads/merged_BC010.fastq.gz
2025-02-26 07:10:01,917 - WARNING - /homedir04/msuokas/ev_project/merged_reads/merged_BC067.fastq.gz contains only 4 sequences. Deleting the file.
2025-02-26 07:10:01,917 - WARNING - /homedir04/msuokas/ev_project/merged_reads/merged_BC073.fastq.gz contains only 4 sequences. Deleting the file.
2025-02-26 07:10:01,917 - WARNING - /homedir04/msuokas/ev_project/merged_reads/merged_BC088.fastq.gz contains only 0 sequences. Deleting the file.
2025-02-26 07:10:01,917 - WARNING - /homedir04/msuokas/ev_project/merged_reads/merged_BC094.fastq.gz contains only 0 sequences. Deleting the file.
2025-02-26 07:10:02,173 - INFO - Running command: cutadapt -g TCCGTAGGTGAACCTGCGG -a GCATATCAATAAGCGGAGGA --trimmed-only -j 4 --error-rate 0.1 -m 200 -o /homedir04/msuokas/ev_project/trimmed_reads/BC048_trimmed.fastq.gz /homedir04/msuokas/ev_project/merged_reads/merged_BC048.fastq.gz
2025-02-26 07:10:02,584 - INFO - Running command: cutadapt -g TCCGTAGGTGAACCTGCGG -a GCATATCAATAAGCGGAGGA --trimmed-only -j 4 --error-rate 0.1 -m 200 -o /homedir04/msuokas/ev_project/trimmed_reads/BC049_trimmed.fastq.gz /homedir04/msuokas/ev_project/merged_reads/merged_BC049.fastq.gz
2025-02-26 07:10:02,843 - INFO - Running command: cutadapt -g TCCGTAGGTGAACCTGCGG -a GCATATCAATAAGCGGAGGA --trimmed-only -j 4 --error-rate 0.1 -m 200 -o /homedir04/msuokas/ev_project/trimmed_reads/BC022_trimmed.fastq.gz /homedir04/msuokas/ev_project/merged_reads/merged_BC022.fastq.gz
2025-02-26 07:10:03,163 - INFO - Running command: cutadapt -g TCCGTAGGTGAACCTGCGG -a GCATATCAATAAGCGGAGGA --trimmed-only -j 4 --error-rate 0.1 -m 200 -o /homedir04/msuokas/ev_project/trimmed_reads/BC051_trimmed.fastq.gz /homedir04/msuokas/ev_project/merged_reads/merged_BC051.fastq.gz
2025-02-26 07:10:03,399 - WARNING - /homedir04/msuokas/ev_project/merged_reads/merged_BC066.fastq.gz contains only 0 sequences. Deleting the file.
2025-02-26 07:10:03,779 - INFO - Running command: cutadapt -g TCCGTAGGTGAACCTGCGG -a GCATATCAATAAGCGGAGGA --trimmed-only -j 4 --error-rate 0.1 -m 200 -o /homedir04/msuokas/ev_project/trimmed_reads/BC019_trimmed.fastq.gz /homedir04/msuokas/ev_project/merged_reads/merged_BC019.fastq.gz
2025-02-26 07:10:04,304 - INFO - Running command: cutadapt -g TCCGTAGGTGAACCTGCGG -a GCATATCAATAAGCGGAGGA --trimmed-only -j 4 --error-rate 0.1 -m 200 -o /homedir04/msuokas/ev_project/trimmed_reads/BC009_trimmed.fastq.gz /homedir04/msuokas/ev_project/merged_reads/merged_BC009.fastq.gz
2025-02-26 07:10:04,544 - INFO - Running command: cutadapt -g TCCGTAGGTGAACCTGCGG -a GCATATCAATAAGCGGAGGA --trimmed-only -j 4 --error-rate 0.1 -m 200 -o /homedir04/msuokas/ev_project/trimmed_reads/BC041_trimmed.fastq.gz /homedir04/msuokas/ev_project/merged_reads/merged_BC041.fastq.gz
2025-02-26 07:10:04,728 - WARNING - /homedir04/msuokas/ev_project/merged_reads/merged_BC078.fastq.gz contains only 1 sequences. Deleting the file.
2025-02-26 07:10:04,780 - INFO - Running command: cutadapt -g TCCGTAGGTGAACCTGCGG -a GCATATCAATAAGCGGAGGA --trimmed-only -j 4 --error-rate 0.1 -m 200 -o /homedir04/msuokas/ev_project/trimmed_reads/BC001_trimmed.fastq.gz /homedir04/msuokas/ev_project/merged_reads/merged_BC001.fastq.gz
2025-02-26 07:10:05,253 - INFO - Running command: cutadapt -g TCCGTAGGTGAACCTGCGG -a GCATATCAATAAGCGGAGGA --trimmed-only -j 4 --error-rate 0.1 -m 200 -o /homedir04/msuokas/ev_project/trimmed_reads/BC053_trimmed.fastq.gz /homedir04/msuokas/ev_project/merged_reads/merged_BC053.fastq.gz
2025-02-26 07:10:06,242 - INFO - Running command: cutadapt -g TCCGTAGGTGAACCTGCGG -a GCATATCAATAAGCGGAGGA --trimmed-only -j 4 --error-rate 0.1 -m 200 -o /homedir04/msuokas/ev_project/trimmed_reads/BC061_trimmed.fastq.gz /homedir04/msuokas/ev_project/merged_reads/merged_BC061.fastq.gz
2025-02-26 07:10:06,875 - WARNING - /homedir04/msuokas/ev_project/merged_reads/merged_BC091.fastq.gz contains only 0 sequences. Deleting the file.
2025-02-26 07:10:07,015 - INFO - Running command: cutadapt -g TCCGTAGGTGAACCTGCGG -a GCATATCAATAAGCGGAGGA --trimmed-only -j 4 --error-rate 0.1 -m 200 -o /homedir04/msuokas/ev_project/trimmed_reads/BC054_trimmed.fastq.gz /homedir04/msuokas/ev_project/merged_reads/merged_BC054.fastq.gz
2025-02-26 07:10:07,293 - INFO - Running command: cutadapt -g TCCGTAGGTGAACCTGCGG -a GCATATCAATAAGCGGAGGA --trimmed-only -j 4 --error-rate 0.1 -m 200 -o /homedir04/msuokas/ev_project/trimmed_reads/BC058_trimmed.fastq.gz /homedir04/msuokas/ev_project/merged_reads/merged_BC058.fastq.gz
2025-02-26 07:10:07,498 - INFO - Running command: cutadapt -g TCCGTAGGTGAACCTGCGG -a GCATATCAATAAGCGGAGGA --trimmed-only -j 4 --error-rate 0.1 -m 200 -o /homedir04/msuokas/ev_project/trimmed_reads/BC033_trimmed.fastq.gz /homedir04/msuokas/ev_project/merged_reads/merged_BC033.fastq.gz
2025-02-26 07:10:07,719 - WARNING - /homedir04/msuokas/ev_project/merged_reads/merged_BC089.fastq.gz contains only 0 sequences. Deleting the file.
2025-02-26 07:10:07,853 - INFO - Running command: cutadapt -g TCCGTAGGTGAACCTGCGG -a GCATATCAATAAGCGGAGGA --trimmed-only -j 4 --error-rate 0.1 -m 200 -o /homedir04/msuokas/ev_project/trimmed_reads/BC014_trimmed.fastq.gz /homedir04/msuokas/ev_project/merged_reads/merged_BC014.fastq.gz
2025-02-26 07:10:08,213 - INFO - Stats for /homedir04/msuokas/ev_project/trimmed_reads/BC001_trimmed.fastq.gz written to summary.
2025-02-26 07:10:08,245 - INFO - Stats for /homedir04/msuokas/ev_project/trimmed_reads/BC002_trimmed.fastq.gz written to summary.
2025-02-26 07:10:08,296 - INFO - Stats for /homedir04/msuokas/ev_project/trimmed_reads/BC003_trimmed.fastq.gz written to summary.
2025-02-26 07:10:08,440 - INFO - Stats for /homedir04/msuokas/ev_project/trimmed_reads/BC004_trimmed.fastq.gz written to summary.
2025-02-26 07:10:08,515 - INFO - Stats for /homedir04/msuokas/ev_project/trimmed_reads/BC005_trimmed.fastq.gz written to summary.
2025-02-26 07:10:08,599 - INFO - Stats for /homedir04/msuokas/ev_project/trimmed_reads/BC006_trimmed.fastq.gz written to summary.
2025-02-26 07:10:08,644 - INFO - Stats for /homedir04/msuokas/ev_project/trimmed_reads/BC007_trimmed.fastq.gz written to summary.
2025-02-26 07:10:08,798 - INFO - Stats for /homedir04/msuokas/ev_project/trimmed_reads/BC008_trimmed.fastq.gz written to summary.
2025-02-26 07:10:08,870 - INFO - Stats for /homedir04/msuokas/ev_project/trimmed_reads/BC009_trimmed.fastq.gz written to summary.
2025-02-26 07:10:08,912 - INFO - Stats for /homedir04/msuokas/ev_project/trimmed_reads/BC010_trimmed.fastq.gz written to summary.
2025-02-26 07:10:09,044 - INFO - Stats for /homedir04/msuokas/ev_project/trimmed_reads/BC011_trimmed.fastq.gz written to summary.
2025-02-26 07:10:09,132 - INFO - Stats for /homedir04/msuokas/ev_project/trimmed_reads/BC012_trimmed.fastq.gz written to summary.
2025-02-26 07:10:09,252 - INFO - Stats for /homedir04/msuokas/ev_project/trimmed_reads/BC013_trimmed.fastq.gz written to summary.
2025-02-26 07:10:09,409 - INFO - Stats for /homedir04/msuokas/ev_project/trimmed_reads/BC014_trimmed.fastq.gz written to summary.
2025-02-26 07:10:09,616 - INFO - Stats for /homedir04/msuokas/ev_project/trimmed_reads/BC015_trimmed.fastq.gz written to summary.
2025-02-26 07:10:10,034 - INFO - Stats for /homedir04/msuokas/ev_project/trimmed_reads/BC016_trimmed.fastq.gz written to summary.
2025-02-26 07:10:10,616 - INFO - Stats for /homedir04/msuokas/ev_project/trimmed_reads/BC017_trimmed.fastq.gz written to summary.
2025-02-26 07:10:10,630 - INFO - Stats for /homedir04/msuokas/ev_project/trimmed_reads/BC018_trimmed.fastq.gz written to summary.
2025-02-26 07:10:11,011 - INFO - Stats for /homedir04/msuokas/ev_project/trimmed_reads/BC019_trimmed.fastq.gz written to summary.
2025-02-26 07:10:11,743 - INFO - Stats for /homedir04/msuokas/ev_project/trimmed_reads/BC020_trimmed.fastq.gz written to summary.
2025-02-26 07:10:11,869 - INFO - Stats for /homedir04/msuokas/ev_project/trimmed_reads/BC021_trimmed.fastq.gz written to summary.
2025-02-26 07:10:11,972 - INFO - Stats for /homedir04/msuokas/ev_project/trimmed_reads/BC022_trimmed.fastq.gz written to summary.
2025-02-26 07:10:12,041 - INFO - Stats for /homedir04/msuokas/ev_project/trimmed_reads/BC023_trimmed.fastq.gz written to summary.
2025-02-26 07:10:12,096 - INFO - Stats for /homedir04/msuokas/ev_project/trimmed_reads/BC024_trimmed.fastq.gz written to summary.
2025-02-26 07:10:12,128 - INFO - Stats for /homedir04/msuokas/ev_project/trimmed_reads/BC025_trimmed.fastq.gz written to summary.
2025-02-26 07:10:12,160 - INFO - Stats for /homedir04/msuokas/ev_project/trimmed_reads/BC026_trimmed.fastq.gz written to summary.
2025-02-26 07:10:12,252 - INFO - Stats for /homedir04/msuokas/ev_project/trimmed_reads/BC027_trimmed.fastq.gz written to summary.
2025-02-26 07:10:12,392 - INFO - Stats for /homedir04/msuokas/ev_project/trimmed_reads/BC028_trimmed.fastq.gz written to summary.
2025-02-26 07:10:13,015 - INFO - Stats for /homedir04/msuokas/ev_project/trimmed_reads/BC029_trimmed.fastq.gz written to summary.
2025-02-26 07:10:13,481 - INFO - Stats for /homedir04/msuokas/ev_project/trimmed_reads/BC030_trimmed.fastq.gz written to summary.
2025-02-26 07:10:13,650 - INFO - Stats for /homedir04/msuokas/ev_project/trimmed_reads/BC031_trimmed.fastq.gz written to summary.
2025-02-26 07:10:14,189 - INFO - Stats for /homedir04/msuokas/ev_project/trimmed_reads/BC032_trimmed.fastq.gz written to summary.
2025-02-26 07:10:14,265 - INFO - Stats for /homedir04/msuokas/ev_project/trimmed_reads/BC033_trimmed.fastq.gz written to summary.
2025-02-26 07:10:14,281 - INFO - Stats for /homedir04/msuokas/ev_project/trimmed_reads/BC034_trimmed.fastq.gz written to summary.
2025-02-26 07:10:15,390 - INFO - Stats for /homedir04/msuokas/ev_project/trimmed_reads/BC035_trimmed.fastq.gz written to summary.
2025-02-26 07:10:17,723 - INFO - Stats for /homedir04/msuokas/ev_project/trimmed_reads/BC036_trimmed.fastq.gz written to summary.
2025-02-26 07:10:19,130 - INFO - Stats for /homedir04/msuokas/ev_project/trimmed_reads/BC037_trimmed.fastq.gz written to summary.
2025-02-26 07:10:19,576 - INFO - Stats for /homedir04/msuokas/ev_project/trimmed_reads/BC038_trimmed.fastq.gz written to summary.
2025-02-26 07:10:19,821 - INFO - Stats for /homedir04/msuokas/ev_project/trimmed_reads/BC039_trimmed.fastq.gz written to summary.
2025-02-26 07:10:22,386 - INFO - Stats for /homedir04/msuokas/ev_project/trimmed_reads/BC040_trimmed.fastq.gz written to summary.
2025-02-26 07:10:22,416 - INFO - Stats for /homedir04/msuokas/ev_project/trimmed_reads/BC041_trimmed.fastq.gz written to summary.
2025-02-26 07:10:22,437 - INFO - Stats for /homedir04/msuokas/ev_project/trimmed_reads/BC042_trimmed.fastq.gz written to summary.
2025-02-26 07:10:22,490 - INFO - Stats for /homedir04/msuokas/ev_project/trimmed_reads/BC043_trimmed.fastq.gz written to summary.
2025-02-26 07:10:22,606 - INFO - Stats for /homedir04/msuokas/ev_project/trimmed_reads/BC044_trimmed.fastq.gz written to summary.
2025-02-26 07:10:22,696 - INFO - Stats for /homedir04/msuokas/ev_project/trimmed_reads/BC045_trimmed.fastq.gz written to summary.
2025-02-26 07:10:22,775 - INFO - Stats for /homedir04/msuokas/ev_project/trimmed_reads/BC046_trimmed.fastq.gz written to summary.
2025-02-26 07:10:23,774 - INFO - Stats for /homedir04/msuokas/ev_project/trimmed_reads/BC047_trimmed.fastq.gz written to summary.
2025-02-26 07:10:24,073 - INFO - Stats for /homedir04/msuokas/ev_project/trimmed_reads/BC048_trimmed.fastq.gz written to summary.
2025-02-26 07:10:24,096 - INFO - Stats for /homedir04/msuokas/ev_project/trimmed_reads/BC049_trimmed.fastq.gz written to summary.
2025-02-26 07:10:24,119 - INFO - Stats for /homedir04/msuokas/ev_project/trimmed_reads/BC050_trimmed.fastq.gz written to summary.
2025-02-26 07:10:24,231 - INFO - Stats for /homedir04/msuokas/ev_project/trimmed_reads/BC051_trimmed.fastq.gz written to summary.
2025-02-26 07:10:24,270 - INFO - Stats for /homedir04/msuokas/ev_project/trimmed_reads/BC052_trimmed.fastq.gz written to summary.
2025-02-26 07:10:24,549 - INFO - Stats for /homedir04/msuokas/ev_project/trimmed_reads/BC053_trimmed.fastq.gz written to summary.
2025-02-26 07:10:24,695 - INFO - Stats for /homedir04/msuokas/ev_project/trimmed_reads/BC054_trimmed.fastq.gz written to summary.
2025-02-26 07:10:24,783 - INFO - Stats for /homedir04/msuokas/ev_project/trimmed_reads/BC055_trimmed.fastq.gz written to summary.
2025-02-26 07:10:24,798 - INFO - Stats for /homedir04/msuokas/ev_project/trimmed_reads/BC056_trimmed.fastq.gz written to summary.
2025-02-26 07:10:24,861 - INFO - Stats for /homedir04/msuokas/ev_project/trimmed_reads/BC057_trimmed.fastq.gz written to summary.
2025-02-26 07:10:24,879 - INFO - Stats for /homedir04/msuokas/ev_project/trimmed_reads/BC058_trimmed.fastq.gz written to summary.
2025-02-26 07:10:25,319 - INFO - Stats for /homedir04/msuokas/ev_project/trimmed_reads/BC059_trimmed.fastq.gz written to summary.
2025-02-26 07:10:25,367 - INFO - Stats for /homedir04/msuokas/ev_project/trimmed_reads/BC060_trimmed.fastq.gz written to summary.
2025-02-26 07:10:25,999 - INFO - Stats for /homedir04/msuokas/ev_project/trimmed_reads/BC061_trimmed.fastq.gz written to summary.
2025-02-26 07:10:26,199 - INFO - Stats for /homedir04/msuokas/ev_project/trimmed_reads/BC062_trimmed.fastq.gz written to summary.
2025-02-26 07:10:26,260 - INFO - Stats for /homedir04/msuokas/ev_project/trimmed_reads/BC063_trimmed.fastq.gz written to summary.
2025-02-26 07:10:26,284 - INFO - Stats for /homedir04/msuokas/ev_project/trimmed_reads/BC064_trimmed.fastq.gz written to summary.
2025-02-26 07:10:26,306 - INFO - Stats for /homedir04/msuokas/ev_project/trimmed_reads/BC080_trimmed.fastq.gz written to summary.
2025-02-26 07:10:26,328 - INFO - Stats for /homedir04/msuokas/ev_project/trimmed_reads/BC081_trimmed.fastq.gz written to summary.
2025-02-26 07:10:26,329 - INFO - Deleting intermediate directory: /homedir04/msuokas/ev_project/fdemuxed
2025-02-26 07:10:26,403 - INFO - Deleting intermediate directory: /homedir04/msuokas/ev_project/rdemuxed
2025-02-26 07:10:26,509 - INFO - Deleting intermediate directory: /homedir04/msuokas/ev_project/merged_reads
